2025-11-21 22:23:11: Server: SSH-2.0-OpenSSH_9.6p1 Ubuntu-3ubuntu13.14
2025-11-21 22:23:11: Server KEXes: sntrup761x25519-sha512@openssh.com,curve25519-sha256,curve25519-sha256@libssh.org,ecdh-sha2-nistp256,ecdh-sha2-nistp384,ecdh-sha2-nistp521,diffie-hellman-group-exchange-sha256,diffie-hellman-group16-sha512,diffie-hellman-group18-sha512,diffie-hellman-group14-sha256,ext-info-s,kex-strict-s-v00@openssh.com
2025-11-21 22:23:11: Server Host Keys: rsa-sha2-512,rsa-sha2-256,ecdsa-sha2-nistp256,ssh-ed25519
2025-11-21 22:23:11: Chosen Host Key: ssh-ed25519
2025-11-21 22:23:11: Ciphers: chacha20-poly1305@openssh.com,aes128-ctr,aes192-ctr,aes256-ctr,aes128-gcm@openssh.com,aes256-gcm@openssh.com
2025-11-21 22:23:11: MACs: umac-64-etm@openssh.com,umac-128-etm@openssh.com,hmac-sha2-256-etm@openssh.com,hmac-sha2-512-etm@openssh.com,hmac-sha1-etm@openssh.com,umac-64@openssh.com,umac-128@openssh.com,hmac-sha2-256,hmac-sha2-512,hmac-sha1
2025-11-21 22:23:11: Auth: start: publickey
2025-11-21 22:23:11: Auth: publickey: no keys available
2025-11-21 22:23:11: Auth: start: password
2025-11-21 22:23:12: -- Analysis Started by On File Change, After Delay
2025-11-21 22:23:12: Changes: 44, Conflicts: 0, CopyTime: 0, FixState: 0, Errors: 0, All: 2286
2025-11-21 22:23:12: Left to Right: Copy File: 44 
2025-11-21 22:23:12: == Sync Started by On File Change, After Delay
2025-11-21 22:23:12: ConnectCloned connected to file:///~grabacr/VPSsync/01-WorkspaceSync/modelica-shared/CustomLib/WalkingInWorldOfThermoFluid
2025-11-21 22:23:12: ConnectCloned connected to file:///~grabacr/VPSsync/01-WorkspaceSync/modelica-shared/CustomLib/WalkingInWorldOfThermoFluid
2025-11-21 22:23:12: ConnectCloned connected to file:///~grabacr/VPSsync/01-WorkspaceSync/modelica-shared/CustomLib/WalkingInWorldOfThermoFluid
2025-11-21 22:23:12: Server: SSH-2.0-OpenSSH_9.6p1 Ubuntu-3ubuntu13.14
2025-11-21 22:23:12: Server: SSH-2.0-OpenSSH_9.6p1 Ubuntu-3ubuntu13.14
2025-11-21 22:23:12: Server: SSH-2.0-OpenSSH_9.6p1 Ubuntu-3ubuntu13.14
2025-11-21 22:23:12: Server KEXes: sntrup761x25519-sha512@openssh.com,curve25519-sha256,curve25519-sha256@libssh.org,ecdh-sha2-nistp256,ecdh-sha2-nistp384,ecdh-sha2-nistp521,diffie-hellman-group-exchange-sha256,diffie-hellman-group16-sha512,diffie-hellman-group18-sha512,diffie-hellman-group14-sha256,ext-info-s,kex-strict-s-v00@openssh.com
2025-11-21 22:23:12: Server Host Keys: rsa-sha2-512,rsa-sha2-256,ecdsa-sha2-nistp256,ssh-ed25519
2025-11-21 22:23:12: Chosen Host Key: ssh-ed25519
2025-11-21 22:23:12: Ciphers: chacha20-poly1305@openssh.com,aes128-ctr,aes192-ctr,aes256-ctr,aes128-gcm@openssh.com,aes256-gcm@openssh.com
2025-11-21 22:23:12: MACs: umac-64-etm@openssh.com,umac-128-etm@openssh.com,hmac-sha2-256-etm@openssh.com,hmac-sha2-512-etm@openssh.com,hmac-sha1-etm@openssh.com,umac-64@openssh.com,umac-128@openssh.com,hmac-sha2-256,hmac-sha2-512,hmac-sha1
2025-11-21 22:23:12: Server KEXes: sntrup761x25519-sha512@openssh.com,curve25519-sha256,curve25519-sha256@libssh.org,ecdh-sha2-nistp256,ecdh-sha2-nistp384,ecdh-sha2-nistp521,diffie-hellman-group-exchange-sha256,diffie-hellman-group16-sha512,diffie-hellman-group18-sha512,diffie-hellman-group14-sha256,ext-info-s,kex-strict-s-v00@openssh.com
2025-11-21 22:23:12: Server Host Keys: rsa-sha2-512,rsa-sha2-256,ecdsa-sha2-nistp256,ssh-ed25519
2025-11-21 22:23:12: Chosen Host Key: ssh-ed25519
2025-11-21 22:23:12: Ciphers: chacha20-poly1305@openssh.com,aes128-ctr,aes192-ctr,aes256-ctr,aes128-gcm@openssh.com,aes256-gcm@openssh.com
2025-11-21 22:23:12: MACs: umac-64-etm@openssh.com,umac-128-etm@openssh.com,hmac-sha2-256-etm@openssh.com,hmac-sha2-512-etm@openssh.com,hmac-sha1-etm@openssh.com,umac-64@openssh.com,umac-128@openssh.com,hmac-sha2-256,hmac-sha2-512,hmac-sha1
2025-11-21 22:23:12: Server KEXes: sntrup761x25519-sha512@openssh.com,curve25519-sha256,curve25519-sha256@libssh.org,ecdh-sha2-nistp256,ecdh-sha2-nistp384,ecdh-sha2-nistp521,diffie-hellman-group-exchange-sha256,diffie-hellman-group16-sha512,diffie-hellman-group18-sha512,diffie-hellman-group14-sha256,ext-info-s,kex-strict-s-v00@openssh.com
2025-11-21 22:23:12: Server Host Keys: rsa-sha2-512,rsa-sha2-256,ecdsa-sha2-nistp256,ssh-ed25519
2025-11-21 22:23:12: Chosen Host Key: ssh-ed25519
2025-11-21 22:23:12: Ciphers: chacha20-poly1305@openssh.com,aes128-ctr,aes192-ctr,aes256-ctr,aes128-gcm@openssh.com,aes256-gcm@openssh.com
2025-11-21 22:23:12: MACs: umac-64-etm@openssh.com,umac-128-etm@openssh.com,hmac-sha2-256-etm@openssh.com,hmac-sha2-512-etm@openssh.com,hmac-sha1-etm@openssh.com,umac-64@openssh.com,umac-128@openssh.com,hmac-sha2-256,hmac-sha2-512,hmac-sha1
2025-11-21 22:23:12: Auth: start: publickey
2025-11-21 22:23:12: Auth: publickey: no keys available
2025-11-21 22:23:12: Auth: start: password
2025-11-21 22:23:12: Auth: start: publickey
2025-11-21 22:23:12: Auth: publickey: no keys available
2025-11-21 22:23:12: Auth: start: password
2025-11-21 22:23:12: Auth: start: publickey
2025-11-21 22:23:12: Auth: publickey: no keys available
2025-11-21 22:23:12: Auth: start: password
2025-11-21 22:23:13: GsConnectAndSetRoot1 connected to sftp://os3-310-44666.vs.sakura.ne.jp/home/ubuntu/VPSsync/01-WorkspaceSync/modelica-shared/CustomLib/WalkingInWorldOfThermoFluid
2025-11-21 22:23:13: GsConnectAndSetRoot1 connected to sftp://os3-310-44666.vs.sakura.ne.jp/home/ubuntu/VPSsync/01-WorkspaceSync/modelica-shared/CustomLib/WalkingInWorldOfThermoFluid
2025-11-21 22:23:13: GsConnectAndSetRoot1 connected to sftp://os3-310-44666.vs.sakura.ne.jp/home/ubuntu/VPSsync/01-WorkspaceSync/modelica-shared/CustomLib/WalkingInWorldOfThermoFluid
2025-11-21 22:23:13: Copy Over 'C:/Users/grabacr/VPSsync/01-WorkspaceSync/modelica-shared/CustomLib/WalkingInWorldOfThermoFluid/.git/COMMIT_EDITMSG' -> 'sftp://os3-310-44666.vs.sakura.ne.jp/home/ubuntu/VPSsync/01-WorkspaceSync/modelica-shared/CustomLib/WalkingInWorldOfThermoFluid/.git/COMMIT_EDITMSG' (11)
2025-11-21 22:23:13: Copy Over 'C:/Users/grabacr/VPSsync/01-WorkspaceSync/modelica-shared/CustomLib/WalkingInWorldOfThermoFluid/.git/logs/HEAD' -> 'sftp://os3-310-44666.vs.sakura.ne.jp/home/ubuntu/VPSsync/01-WorkspaceSync/modelica-shared/CustomLib/WalkingInWorldOfThermoFluid/.git/logs/HEAD' (28,553)
2025-11-21 22:23:13: Copy Over 'C:/Users/grabacr/VPSsync/01-WorkspaceSync/modelica-shared/CustomLib/WalkingInWorldOfThermoFluid/.git/index' -> 'sftp://os3-310-44666.vs.sakura.ne.jp/home/ubuntu/VPSsync/01-WorkspaceSync/modelica-shared/CustomLib/WalkingInWorldOfThermoFluid/.git/index' (60,781)
2025-11-21 22:23:13: Copy New 'C:/Users/grabacr/VPSsync/01-WorkspaceSync/modelica-shared/CustomLib/WalkingInWorldOfThermoFluid/.git/objects/06/1abdfaf5094c9bf12c387d0e48e464658e1c6a' -> 'sftp://os3-310-44666.vs.sakura.ne.jp/home/ubuntu/VPSsync/01-WorkspaceSync/modelica-shared/CustomLib/WalkingInWorldOfThermoFluid/.git/objects/06/1abdfaf5094c9bf12c387d0e48e464658e1c6a' (854)
2025-11-21 22:23:14: Copy New 'C:/Users/grabacr/VPSsync/01-WorkspaceSync/modelica-shared/CustomLib/WalkingInWorldOfThermoFluid/.git/objects/07/ca5e8de3688996d6301df4a92adef8e34435d3' -> 'sftp://os3-310-44666.vs.sakura.ne.jp/home/ubuntu/VPSsync/01-WorkspaceSync/modelica-shared/CustomLib/WalkingInWorldOfThermoFluid/.git/objects/07/ca5e8de3688996d6301df4a92adef8e34435d3' (1,064)
2025-11-21 22:23:14: Copy New 'C:/Users/grabacr/VPSsync/01-WorkspaceSync/modelica-shared/CustomLib/WalkingInWorldOfThermoFluid/.git/objects/0a/0e3a33e2d6ebc54c7775704865f6970956e461' -> 'sftp://os3-310-44666.vs.sakura.ne.jp/home/ubuntu/VPSsync/01-WorkspaceSync/modelica-shared/CustomLib/WalkingInWorldOfThermoFluid/.git/objects/0a/0e3a33e2d6ebc54c7775704865f6970956e461' (852)
2025-11-21 22:23:14: Create Folder sftp://os3-310-44666.vs.sakura.ne.jp/home/ubuntu/VPSsync/01-WorkspaceSync/modelica-shared/CustomLib/WalkingInWorldOfThermoFluid/.git/objects/16
2025-11-21 22:23:14: Copy New 'C:/Users/grabacr/VPSsync/01-WorkspaceSync/modelica-shared/CustomLib/WalkingInWorldOfThermoFluid/.git/objects/14/37c7a7017bf55a65bbd80c4fbb80e71dda9983' -> 'sftp://os3-310-44666.vs.sakura.ne.jp/home/ubuntu/VPSsync/01-WorkspaceSync/modelica-shared/CustomLib/WalkingInWorldOfThermoFluid/.git/objects/14/37c7a7017bf55a65bbd80c4fbb80e71dda9983' (785)
2025-11-21 22:23:14: Copy New 'C:/Users/grabacr/VPSsync/01-WorkspaceSync/modelica-shared/CustomLib/WalkingInWorldOfThermoFluid/.git/objects/14/7edbb3dcf70d11e2515b41dd689349dc13d798' -> 'sftp://os3-310-44666.vs.sakura.ne.jp/home/ubuntu/VPSsync/01-WorkspaceSync/modelica-shared/CustomLib/WalkingInWorldOfThermoFluid/.git/objects/14/7edbb3dcf70d11e2515b41dd689349dc13d798' (846)
2025-11-21 22:23:14: Copy New 'C:/Users/grabacr/VPSsync/01-WorkspaceSync/modelica-shared/CustomLib/WalkingInWorldOfThermoFluid/.git/objects/15/5aad0423b819d9191ba87984aa2877e3fba319' -> 'sftp://os3-310-44666.vs.sakura.ne.jp/home/ubuntu/VPSsync/01-WorkspaceSync/modelica-shared/CustomLib/WalkingInWorldOfThermoFluid/.git/objects/15/5aad0423b819d9191ba87984aa2877e3fba319' (695)
2025-11-21 22:23:14: Copy New 'C:/Users/grabacr/VPSsync/01-WorkspaceSync/modelica-shared/CustomLib/WalkingInWorldOfThermoFluid/.git/objects/16/2ac1339b5f3541203a506adda2beccf97f66f2' -> 'sftp://os3-310-44666.vs.sakura.ne.jp/home/ubuntu/VPSsync/01-WorkspaceSync/modelica-shared/CustomLib/WalkingInWorldOfThermoFluid/.git/objects/16/2ac1339b5f3541203a506adda2beccf97f66f2' (848)
2025-11-21 22:23:14: Copy New 'C:/Users/grabacr/VPSsync/01-WorkspaceSync/modelica-shared/CustomLib/WalkingInWorldOfThermoFluid/.git/objects/16/a5cab251ed73c882b1636a7b538936153cd85c' -> 'sftp://os3-310-44666.vs.sakura.ne.jp/home/ubuntu/VPSsync/01-WorkspaceSync/modelica-shared/CustomLib/WalkingInWorldOfThermoFluid/.git/objects/16/a5cab251ed73c882b1636a7b538936153cd85c' (845)
2025-11-21 22:23:14: Copy New 'C:/Users/grabacr/VPSsync/01-WorkspaceSync/modelica-shared/CustomLib/WalkingInWorldOfThermoFluid/.git/objects/1f/4b4c3713513bbfe5109fee2579772eb363887f' -> 'sftp://os3-310-44666.vs.sakura.ne.jp/home/ubuntu/VPSsync/01-WorkspaceSync/modelica-shared/CustomLib/WalkingInWorldOfThermoFluid/.git/objects/1f/4b4c3713513bbfe5109fee2579772eb363887f' (33,983)
2025-11-21 22:23:14: Copy New 'C:/Users/grabacr/VPSsync/01-WorkspaceSync/modelica-shared/CustomLib/WalkingInWorldOfThermoFluid/.git/objects/24/87392f32a215d12ade2770958c18e185731a36' -> 'sftp://os3-310-44666.vs.sakura.ne.jp/home/ubuntu/VPSsync/01-WorkspaceSync/modelica-shared/CustomLib/WalkingInWorldOfThermoFluid/.git/objects/24/87392f32a215d12ade2770958c18e185731a36' (178)
2025-11-21 22:23:14: Copy New 'C:/Users/grabacr/VPSsync/01-WorkspaceSync/modelica-shared/CustomLib/WalkingInWorldOfThermoFluid/.git/objects/25/b94711bae1d674c873fb7aed0d30a5546e3aaf' -> 'sftp://os3-310-44666.vs.sakura.ne.jp/home/ubuntu/VPSsync/01-WorkspaceSync/modelica-shared/CustomLib/WalkingInWorldOfThermoFluid/.git/objects/25/b94711bae1d674c873fb7aed0d30a5546e3aaf' (787)
2025-11-21 22:23:14: Copy New 'C:/Users/grabacr/VPSsync/01-WorkspaceSync/modelica-shared/CustomLib/WalkingInWorldOfThermoFluid/.git/objects/57/1687711456614fd605e3eca32897d8d218e958' -> 'sftp://os3-310-44666.vs.sakura.ne.jp/home/ubuntu/VPSsync/01-WorkspaceSync/modelica-shared/CustomLib/WalkingInWorldOfThermoFluid/.git/objects/57/1687711456614fd605e3eca32897d8d218e958' (26,342)
2025-11-21 22:23:14: Copy New 'C:/Users/grabacr/VPSsync/01-WorkspaceSync/modelica-shared/CustomLib/WalkingInWorldOfThermoFluid/.git/objects/2a/a2906e33c743e6d0ada5de88da129a98346b90' -> 'sftp://os3-310-44666.vs.sakura.ne.jp/home/ubuntu/VPSsync/01-WorkspaceSync/modelica-shared/CustomLib/WalkingInWorldOfThermoFluid/.git/objects/2a/a2906e33c743e6d0ada5de88da129a98346b90' (74,617)
2025-11-21 22:23:14: Copy New 'C:/Users/grabacr/VPSsync/01-WorkspaceSync/modelica-shared/CustomLib/WalkingInWorldOfThermoFluid/.git/objects/5e/074f7427124a19167408da93f5ba87b1eed219' -> 'sftp://os3-310-44666.vs.sakura.ne.jp/home/ubuntu/VPSsync/01-WorkspaceSync/modelica-shared/CustomLib/WalkingInWorldOfThermoFluid/.git/objects/5e/074f7427124a19167408da93f5ba87b1eed219' (484)
2025-11-21 22:23:14: Copy New 'C:/Users/grabacr/VPSsync/01-WorkspaceSync/modelica-shared/CustomLib/WalkingInWorldOfThermoFluid/.git/objects/5d/b21a879b747faefdd019aad59980e3568e1839' -> 'sftp://os3-310-44666.vs.sakura.ne.jp/home/ubuntu/VPSsync/01-WorkspaceSync/modelica-shared/CustomLib/WalkingInWorldOfThermoFluid/.git/objects/5d/b21a879b747faefdd019aad59980e3568e1839' (118)
2025-11-21 22:23:14: Copy New 'C:/Users/grabacr/VPSsync/01-WorkspaceSync/modelica-shared/CustomLib/WalkingInWorldOfThermoFluid/.git/objects/6a/225300cd3968bb7a0e0f4906358bad7c5c5b11' -> 'sftp://os3-310-44666.vs.sakura.ne.jp/home/ubuntu/VPSsync/01-WorkspaceSync/modelica-shared/CustomLib/WalkingInWorldOfThermoFluid/.git/objects/6a/225300cd3968bb7a0e0f4906358bad7c5c5b11' (811)
2025-11-21 22:23:14: Copy New 'C:/Users/grabacr/VPSsync/01-WorkspaceSync/modelica-shared/CustomLib/WalkingInWorldOfThermoFluid/.git/objects/6a/2cf261484282d4e551c3008cbac94e3d673a9d' -> 'sftp://os3-310-44666.vs.sakura.ne.jp/home/ubuntu/VPSsync/01-WorkspaceSync/modelica-shared/CustomLib/WalkingInWorldOfThermoFluid/.git/objects/6a/2cf261484282d4e551c3008cbac94e3d673a9d' (698)
2025-11-21 22:23:14: Copy New 'C:/Users/grabacr/VPSsync/01-WorkspaceSync/modelica-shared/CustomLib/WalkingInWorldOfThermoFluid/.git/objects/8b/32a9b7baa51e97c8625883c5481a91f8af1a0f' -> 'sftp://os3-310-44666.vs.sakura.ne.jp/home/ubuntu/VPSsync/01-WorkspaceSync/modelica-shared/CustomLib/WalkingInWorldOfThermoFluid/.git/objects/8b/32a9b7baa51e97c8625883c5481a91f8af1a0f' (1,552)
2025-11-21 22:23:14: Copy New 'C:/Users/grabacr/VPSsync/01-WorkspaceSync/modelica-shared/CustomLib/WalkingInWorldOfThermoFluid/.git/objects/8e/fc5ec63b06566b54041d8f21b3dba8b871b523' -> 'sftp://os3-310-44666.vs.sakura.ne.jp/home/ubuntu/VPSsync/01-WorkspaceSync/modelica-shared/CustomLib/WalkingInWorldOfThermoFluid/.git/objects/8e/fc5ec63b06566b54041d8f21b3dba8b871b523' (850)
2025-11-21 22:23:14: Create Folder sftp://os3-310-44666.vs.sakura.ne.jp/home/ubuntu/VPSsync/01-WorkspaceSync/modelica-shared/CustomLib/WalkingInWorldOfThermoFluid/.git/objects/9f
2025-11-21 22:23:14: Copy New 'C:/Users/grabacr/VPSsync/01-WorkspaceSync/modelica-shared/CustomLib/WalkingInWorldOfThermoFluid/.git/objects/94/8225cb93297c98bb5b7ef15e410bd7c9738819' -> 'sftp://os3-310-44666.vs.sakura.ne.jp/home/ubuntu/VPSsync/01-WorkspaceSync/modelica-shared/CustomLib/WalkingInWorldOfThermoFluid/.git/objects/94/8225cb93297c98bb5b7ef15e410bd7c9738819' (1,037)
2025-11-21 22:23:14: Copy New 'C:/Users/grabacr/VPSsync/01-WorkspaceSync/modelica-shared/CustomLib/WalkingInWorldOfThermoFluid/.git/objects/96/8fcd368c38d30f34e439fa8360f2b6acaac32d' -> 'sftp://os3-310-44666.vs.sakura.ne.jp/home/ubuntu/VPSsync/01-WorkspaceSync/modelica-shared/CustomLib/WalkingInWorldOfThermoFluid/.git/objects/96/8fcd368c38d30f34e439fa8360f2b6acaac32d' (172)
2025-11-21 22:23:14: Copy New 'C:/Users/grabacr/VPSsync/01-WorkspaceSync/modelica-shared/CustomLib/WalkingInWorldOfThermoFluid/.git/objects/9f/cee2391fc2202ef3d717ea76b994ead692556a' -> 'sftp://os3-310-44666.vs.sakura.ne.jp/home/ubuntu/VPSsync/01-WorkspaceSync/modelica-shared/CustomLib/WalkingInWorldOfThermoFluid/.git/objects/9f/cee2391fc2202ef3d717ea76b994ead692556a' (118)
2025-11-21 22:23:14: Copy New 'C:/Users/grabacr/VPSsync/01-WorkspaceSync/modelica-shared/CustomLib/WalkingInWorldOfThermoFluid/.git/objects/b4/35e8f4db4aff40557ddfb312403b713e7f5055' -> 'sftp://os3-310-44666.vs.sakura.ne.jp/home/ubuntu/VPSsync/01-WorkspaceSync/modelica-shared/CustomLib/WalkingInWorldOfThermoFluid/.git/objects/b4/35e8f4db4aff40557ddfb312403b713e7f5055' (582)
2025-11-21 22:23:14: Copy New 'C:/Users/grabacr/VPSsync/01-WorkspaceSync/modelica-shared/CustomLib/WalkingInWorldOfThermoFluid/.git/objects/b9/cfa9329e7b9860f53da151b1376b7be4d22e8f' -> 'sftp://os3-310-44666.vs.sakura.ne.jp/home/ubuntu/VPSsync/01-WorkspaceSync/modelica-shared/CustomLib/WalkingInWorldOfThermoFluid/.git/objects/b9/cfa9329e7b9860f53da151b1376b7be4d22e8f' (854)
2025-11-21 22:23:14: Copy New 'C:/Users/grabacr/VPSsync/01-WorkspaceSync/modelica-shared/CustomLib/WalkingInWorldOfThermoFluid/.git/objects/c2/b3258d6ee5f766583568b6231615fa20033f07' -> 'sftp://os3-310-44666.vs.sakura.ne.jp/home/ubuntu/VPSsync/01-WorkspaceSync/modelica-shared/CustomLib/WalkingInWorldOfThermoFluid/.git/objects/c2/b3258d6ee5f766583568b6231615fa20033f07' (854)
2025-11-21 22:23:14: Copy New 'C:/Users/grabacr/VPSsync/01-WorkspaceSync/modelica-shared/CustomLib/WalkingInWorldOfThermoFluid/.git/objects/ca/985c0eba296f1339447fa240242dceef78bc9d' -> 'sftp://os3-310-44666.vs.sakura.ne.jp/home/ubuntu/VPSsync/01-WorkspaceSync/modelica-shared/CustomLib/WalkingInWorldOfThermoFluid/.git/objects/ca/985c0eba296f1339447fa240242dceef78bc9d' (693)
2025-11-21 22:23:14: Copy New 'C:/Users/grabacr/VPSsync/01-WorkspaceSync/modelica-shared/CustomLib/WalkingInWorldOfThermoFluid/.git/objects/ca/cd700d5f131b74f298214f37f458d0be68da72' -> 'sftp://os3-310-44666.vs.sakura.ne.jp/home/ubuntu/VPSsync/01-WorkspaceSync/modelica-shared/CustomLib/WalkingInWorldOfThermoFluid/.git/objects/ca/cd700d5f131b74f298214f37f458d0be68da72' (852)
2025-11-21 22:23:14: Copy New 'C:/Users/grabacr/VPSsync/01-WorkspaceSync/modelica-shared/CustomLib/WalkingInWorldOfThermoFluid/.git/objects/da/cdc9fe874f45fd76c631d461810ab0a38309fc' -> 'sftp://os3-310-44666.vs.sakura.ne.jp/home/ubuntu/VPSsync/01-WorkspaceSync/modelica-shared/CustomLib/WalkingInWorldOfThermoFluid/.git/objects/da/cdc9fe874f45fd76c631d461810ab0a38309fc' (854)
2025-11-21 22:23:14: Copy New 'C:/Users/grabacr/VPSsync/01-WorkspaceSync/modelica-shared/CustomLib/WalkingInWorldOfThermoFluid/.git/objects/d8/ba602ca80064c9987d9d027a58c06ce13eaeae' -> 'sftp://os3-310-44666.vs.sakura.ne.jp/home/ubuntu/VPSsync/01-WorkspaceSync/modelica-shared/CustomLib/WalkingInWorldOfThermoFluid/.git/objects/d8/ba602ca80064c9987d9d027a58c06ce13eaeae' (854)
2025-11-21 22:23:14: Copy New 'C:/Users/grabacr/VPSsync/01-WorkspaceSync/modelica-shared/CustomLib/WalkingInWorldOfThermoFluid/.git/objects/e5/524fe02b645717905bf9ecdd18dadf497e6af3' -> 'sftp://os3-310-44666.vs.sakura.ne.jp/home/ubuntu/VPSsync/01-WorkspaceSync/modelica-shared/CustomLib/WalkingInWorldOfThermoFluid/.git/objects/e5/524fe02b645717905bf9ecdd18dadf497e6af3' (1,777)
2025-11-21 22:23:14: Copy New 'C:/Users/grabacr/VPSsync/01-WorkspaceSync/modelica-shared/CustomLib/WalkingInWorldOfThermoFluid/.git/objects/e9/a6a158ad790c568ad792a4dc5897664d9a9d2c' -> 'sftp://os3-310-44666.vs.sakura.ne.jp/home/ubuntu/VPSsync/01-WorkspaceSync/modelica-shared/CustomLib/WalkingInWorldOfThermoFluid/.git/objects/e9/a6a158ad790c568ad792a4dc5897664d9a9d2c' (854)
2025-11-21 22:23:14: Copy New 'C:/Users/grabacr/VPSsync/01-WorkspaceSync/modelica-shared/CustomLib/WalkingInWorldOfThermoFluid/.git/objects/e2/b88b572176213aa406cecfbdbe6ba9682ca3f4' -> 'sftp://os3-310-44666.vs.sakura.ne.jp/home/ubuntu/VPSsync/01-WorkspaceSync/modelica-shared/CustomLib/WalkingInWorldOfThermoFluid/.git/objects/e2/b88b572176213aa406cecfbdbe6ba9682ca3f4' (694)
2025-11-21 22:23:14: Copy New 'C:/Users/grabacr/VPSsync/01-WorkspaceSync/modelica-shared/CustomLib/WalkingInWorldOfThermoFluid/.git/objects/f9/12f6611cca3b59482e0d6b80b5d7f58bad7fec' -> 'sftp://os3-310-44666.vs.sakura.ne.jp/home/ubuntu/VPSsync/01-WorkspaceSync/modelica-shared/CustomLib/WalkingInWorldOfThermoFluid/.git/objects/f9/12f6611cca3b59482e0d6b80b5d7f58bad7fec' (251)
2025-11-21 22:23:14: Copy New 'C:/Users/grabacr/VPSsync/01-WorkspaceSync/modelica-shared/CustomLib/WalkingInWorldOfThermoFluid/.git/objects/ea/aa8759a244c349161ef65e6f33c943e216cca5' -> 'sftp://os3-310-44666.vs.sakura.ne.jp/home/ubuntu/VPSsync/01-WorkspaceSync/modelica-shared/CustomLib/WalkingInWorldOfThermoFluid/.git/objects/ea/aa8759a244c349161ef65e6f33c943e216cca5' (854)
2025-11-21 22:23:14: Copy New 'C:/Users/grabacr/VPSsync/01-WorkspaceSync/modelica-shared/CustomLib/WalkingInWorldOfThermoFluid/.git/objects/fe/7eca3521ee333ea39b03972648f20fa7081b7a' -> 'sftp://os3-310-44666.vs.sakura.ne.jp/home/ubuntu/VPSsync/01-WorkspaceSync/modelica-shared/CustomLib/WalkingInWorldOfThermoFluid/.git/objects/fe/7eca3521ee333ea39b03972648f20fa7081b7a' (340)
2025-11-21 22:23:14: Copy New 'C:/Users/grabacr/VPSsync/01-WorkspaceSync/modelica-shared/CustomLib/WalkingInWorldOfThermoFluid/.git/objects/ff/caaf2b79f37d0c188ac78c1364574dcba47056' -> 'sftp://os3-310-44666.vs.sakura.ne.jp/home/ubuntu/VPSsync/01-WorkspaceSync/modelica-shared/CustomLib/WalkingInWorldOfThermoFluid/.git/objects/ff/caaf2b79f37d0c188ac78c1364574dcba47056' (680)
2025-11-21 22:23:14: Copy Over 'C:/Users/grabacr/VPSsync/01-WorkspaceSync/modelica-shared/CustomLib/WalkingInWorldOfThermoFluid/.git/logs/refs/heads/master' -> 'sftp://os3-310-44666.vs.sakura.ne.jp/home/ubuntu/VPSsync/01-WorkspaceSync/modelica-shared/CustomLib/WalkingInWorldOfThermoFluid/.git/logs/refs/heads/master' (28,553)
2025-11-21 22:23:14: Copy Over 'C:/Users/grabacr/VPSsync/01-WorkspaceSync/modelica-shared/CustomLib/WalkingInWorldOfThermoFluid/.git/refs/heads/master' -> 'sftp://os3-310-44666.vs.sakura.ne.jp/home/ubuntu/VPSsync/01-WorkspaceSync/modelica-shared/CustomLib/WalkingInWorldOfThermoFluid/.git/refs/heads/master' (41)
2025-11-21 22:23:14: Copy Over 'C:/Users/grabacr/VPSsync/01-WorkspaceSync/modelica-shared/CustomLib/WalkingInWorldOfThermoFluid/.git/sourcetreeconfig.json' -> 'sftp://os3-310-44666.vs.sakura.ne.jp/home/ubuntu/VPSsync/01-WorkspaceSync/modelica-shared/CustomLib/WalkingInWorldOfThermoFluid/.git/sourcetreeconfig.json' (868)
2025-11-21 22:23:14: Save State File C:/Users/grabacr/VPSsync/01-WorkspaceSync/modelica-shared/CustomLib/WalkingInWorldOfThermoFluid/_gsdata_/_file_state_v4._gs
2025-11-21 22:23:14: Save State File sftp://os3-310-44666.vs.sakura.ne.jp/home/ubuntu/VPSsync/01-WorkspaceSync/modelica-shared/CustomLib/WalkingInWorldOfThermoFluid/_gsdata_/_file_state_v4._gs
2025-11-21 22:23:16: == Sync Complete. Time: 00:00:04, Speed: 0.00/s, OK: 44, Errors: 0
