2025-11-19 07:40:18: Server: SSH-2.0-OpenSSH_9.6p1 Ubuntu-3ubuntu13.14
2025-11-19 07:40:18: Server KEXes: sntrup761x25519-sha512@openssh.com,curve25519-sha256,curve25519-sha256@libssh.org,ecdh-sha2-nistp256,ecdh-sha2-nistp384,ecdh-sha2-nistp521,diffie-hellman-group-exchange-sha256,diffie-hellman-group16-sha512,diffie-hellman-group18-sha512,diffie-hellman-group14-sha256,ext-info-s,kex-strict-s-v00@openssh.com
2025-11-19 07:40:18: Server Host Keys: rsa-sha2-512,rsa-sha2-256,ecdsa-sha2-nistp256,ssh-ed25519
2025-11-19 07:40:18: Chosen Host Key: ssh-ed25519
2025-11-19 07:40:18: Ciphers: chacha20-poly1305@openssh.com,aes128-ctr,aes192-ctr,aes256-ctr,aes128-gcm@openssh.com,aes256-gcm@openssh.com
2025-11-19 07:40:18: MACs: umac-64-etm@openssh.com,umac-128-etm@openssh.com,hmac-sha2-256-etm@openssh.com,hmac-sha2-512-etm@openssh.com,hmac-sha1-etm@openssh.com,umac-64@openssh.com,umac-128@openssh.com,hmac-sha2-256,hmac-sha2-512,hmac-sha1
2025-11-19 07:40:18: Auth: start: publickey
2025-11-19 07:40:18: Auth: publickey: no keys available
2025-11-19 07:40:18: Auth: start: password
2025-11-19 07:40:19: -- Analysis Started by On File Change Incremental
2025-11-19 07:40:19: L: Reading State File C:/Users/grabacr/VPSsync/01-WorkspaceSync/modelica-shared/CustomLib/WalkingInWorldOfThermoFluid/_gsdata_/_file_state_v4._gs
2025-11-19 07:40:20: R: Reading State File sftp://os3-310-44666.vs.sakura.ne.jp/home/ubuntu/VPSsync/01-WorkspaceSync/modelica-shared/CustomLib/WalkingInWorldOfThermoFluid/_gsdata_/_file_state_v4._gs
2025-11-19 07:40:55: Changes: 75, Conflicts: 0, CopyTime: 0, FixState: 0, Errors: 0, All: 2211
2025-11-19 07:40:55: Left to Right: Copy File: 75 
2025-11-19 07:40:55: == Sync Started by On File Change Incremental
2025-11-19 07:40:55: ConnectCloned connected to file:///~grabacr/VPSsync/01-WorkspaceSync/modelica-shared/CustomLib/WalkingInWorldOfThermoFluid
2025-11-19 07:40:55: ConnectCloned connected to file:///~grabacr/VPSsync/01-WorkspaceSync/modelica-shared/CustomLib/WalkingInWorldOfThermoFluid
2025-11-19 07:40:55: ConnectCloned connected to file:///~grabacr/VPSsync/01-WorkspaceSync/modelica-shared/CustomLib/WalkingInWorldOfThermoFluid
2025-11-19 07:40:55: Server: SSH-2.0-OpenSSH_9.6p1 Ubuntu-3ubuntu13.14
2025-11-19 07:40:55: Server: SSH-2.0-OpenSSH_9.6p1 Ubuntu-3ubuntu13.14
2025-11-19 07:40:55: Server: SSH-2.0-OpenSSH_9.6p1 Ubuntu-3ubuntu13.14
2025-11-19 07:40:55: Server KEXes: sntrup761x25519-sha512@openssh.com,curve25519-sha256,curve25519-sha256@libssh.org,ecdh-sha2-nistp256,ecdh-sha2-nistp384,ecdh-sha2-nistp521,diffie-hellman-group-exchange-sha256,diffie-hellman-group16-sha512,diffie-hellman-group18-sha512,diffie-hellman-group14-sha256,ext-info-s,kex-strict-s-v00@openssh.com
2025-11-19 07:40:55: Server KEXes: sntrup761x25519-sha512@openssh.com,curve25519-sha256,curve25519-sha256@libssh.org,ecdh-sha2-nistp256,ecdh-sha2-nistp384,ecdh-sha2-nistp521,diffie-hellman-group-exchange-sha256,diffie-hellman-group16-sha512,diffie-hellman-group18-sha512,diffie-hellman-group14-sha256,ext-info-s,kex-strict-s-v00@openssh.com
2025-11-19 07:40:55: Server KEXes: sntrup761x25519-sha512@openssh.com,curve25519-sha256,curve25519-sha256@libssh.org,ecdh-sha2-nistp256,ecdh-sha2-nistp384,ecdh-sha2-nistp521,diffie-hellman-group-exchange-sha256,diffie-hellman-group16-sha512,diffie-hellman-group18-sha512,diffie-hellman-group14-sha256,ext-info-s,kex-strict-s-v00@openssh.com
2025-11-19 07:40:55: Server Host Keys: rsa-sha2-512,rsa-sha2-256,ecdsa-sha2-nistp256,ssh-ed25519
2025-11-19 07:40:55: Server Host Keys: rsa-sha2-512,rsa-sha2-256,ecdsa-sha2-nistp256,ssh-ed25519
2025-11-19 07:40:55: Server Host Keys: rsa-sha2-512,rsa-sha2-256,ecdsa-sha2-nistp256,ssh-ed25519
2025-11-19 07:40:55: Chosen Host Key: ssh-ed25519
2025-11-19 07:40:55: Chosen Host Key: ssh-ed25519
2025-11-19 07:40:55: Ciphers: chacha20-poly1305@openssh.com,aes128-ctr,aes192-ctr,aes256-ctr,aes128-gcm@openssh.com,aes256-gcm@openssh.com
2025-11-19 07:40:55: Chosen Host Key: ssh-ed25519
2025-11-19 07:40:55: Ciphers: chacha20-poly1305@openssh.com,aes128-ctr,aes192-ctr,aes256-ctr,aes128-gcm@openssh.com,aes256-gcm@openssh.com
2025-11-19 07:40:55: MACs: umac-64-etm@openssh.com,umac-128-etm@openssh.com,hmac-sha2-256-etm@openssh.com,hmac-sha2-512-etm@openssh.com,hmac-sha1-etm@openssh.com,umac-64@openssh.com,umac-128@openssh.com,hmac-sha2-256,hmac-sha2-512,hmac-sha1
2025-11-19 07:40:55: MACs: umac-64-etm@openssh.com,umac-128-etm@openssh.com,hmac-sha2-256-etm@openssh.com,hmac-sha2-512-etm@openssh.com,hmac-sha1-etm@openssh.com,umac-64@openssh.com,umac-128@openssh.com,hmac-sha2-256,hmac-sha2-512,hmac-sha1
2025-11-19 07:40:55: Ciphers: chacha20-poly1305@openssh.com,aes128-ctr,aes192-ctr,aes256-ctr,aes128-gcm@openssh.com,aes256-gcm@openssh.com
2025-11-19 07:40:55: MACs: umac-64-etm@openssh.com,umac-128-etm@openssh.com,hmac-sha2-256-etm@openssh.com,hmac-sha2-512-etm@openssh.com,hmac-sha1-etm@openssh.com,umac-64@openssh.com,umac-128@openssh.com,hmac-sha2-256,hmac-sha2-512,hmac-sha1
2025-11-19 07:40:56: Auth: start: publickey
2025-11-19 07:40:56: Auth: start: publickey
2025-11-19 07:40:56: Auth: start: publickey
2025-11-19 07:40:56: Auth: publickey: no keys available
2025-11-19 07:40:56: Auth: start: password
2025-11-19 07:40:56: Auth: publickey: no keys available
2025-11-19 07:40:56: Auth: start: password
2025-11-19 07:40:56: Auth: publickey: no keys available
2025-11-19 07:40:56: Auth: start: password
2025-11-19 07:40:57: GsConnectAndSetRoot1 connected to sftp://os3-310-44666.vs.sakura.ne.jp/home/ubuntu/VPSsync/01-WorkspaceSync/modelica-shared/CustomLib/WalkingInWorldOfThermoFluid
2025-11-19 07:40:57: GsConnectAndSetRoot1 connected to sftp://os3-310-44666.vs.sakura.ne.jp/home/ubuntu/VPSsync/01-WorkspaceSync/modelica-shared/CustomLib/WalkingInWorldOfThermoFluid
2025-11-19 07:40:57: GsConnectAndSetRoot1 connected to sftp://os3-310-44666.vs.sakura.ne.jp/home/ubuntu/VPSsync/01-WorkspaceSync/modelica-shared/CustomLib/WalkingInWorldOfThermoFluid
2025-11-19 07:40:57: Copy Over 'C:/Users/grabacr/VPSsync/01-WorkspaceSync/modelica-shared/CustomLib/WalkingInWorldOfThermoFluid/.git/index' -> 'sftp://os3-310-44666.vs.sakura.ne.jp/home/ubuntu/VPSsync/01-WorkspaceSync/modelica-shared/CustomLib/WalkingInWorldOfThermoFluid/.git/index' (53,053)
2025-11-19 07:40:57: Copy Over 'C:/Users/grabacr/VPSsync/01-WorkspaceSync/modelica-shared/CustomLib/WalkingInWorldOfThermoFluid/.git/COMMIT_EDITMSG' -> 'sftp://os3-310-44666.vs.sakura.ne.jp/home/ubuntu/VPSsync/01-WorkspaceSync/modelica-shared/CustomLib/WalkingInWorldOfThermoFluid/.git/COMMIT_EDITMSG' (11)
2025-11-19 07:40:57: Copy Over 'C:/Users/grabacr/VPSsync/01-WorkspaceSync/modelica-shared/CustomLib/WalkingInWorldOfThermoFluid/.git/FETCH_HEAD' -> 'sftp://os3-310-44666.vs.sakura.ne.jp/home/ubuntu/VPSsync/01-WorkspaceSync/modelica-shared/CustomLib/WalkingInWorldOfThermoFluid/.git/FETCH_HEAD' (122)
2025-11-19 07:40:58: Copy New 'C:/Users/grabacr/VPSsync/01-WorkspaceSync/modelica-shared/CustomLib/WalkingInWorldOfThermoFluid/.git/objects/08/438c544cc2281a79827ea8af0aaf67fcb93ee6' -> 'sftp://os3-310-44666.vs.sakura.ne.jp/home/ubuntu/VPSsync/01-WorkspaceSync/modelica-shared/CustomLib/WalkingInWorldOfThermoFluid/.git/objects/08/438c544cc2281a79827ea8af0aaf67fcb93ee6' (58)
2025-11-19 07:40:58: Copy New 'C:/Users/grabacr/VPSsync/01-WorkspaceSync/modelica-shared/CustomLib/WalkingInWorldOfThermoFluid/.git/objects/03/69a741367264339f3d5b560b892320dde4dda0' -> 'sftp://os3-310-44666.vs.sakura.ne.jp/home/ubuntu/VPSsync/01-WorkspaceSync/modelica-shared/CustomLib/WalkingInWorldOfThermoFluid/.git/objects/03/69a741367264339f3d5b560b892320dde4dda0' (15,127)
2025-11-19 07:40:58: Copy Over 'C:/Users/grabacr/VPSsync/01-WorkspaceSync/modelica-shared/CustomLib/WalkingInWorldOfThermoFluid/.git/logs/HEAD' -> 'sftp://os3-310-44666.vs.sakura.ne.jp/home/ubuntu/VPSsync/01-WorkspaceSync/modelica-shared/CustomLib/WalkingInWorldOfThermoFluid/.git/logs/HEAD' (28,225)
2025-11-19 07:40:58: Copy New 'C:/Users/grabacr/VPSsync/01-WorkspaceSync/modelica-shared/CustomLib/WalkingInWorldOfThermoFluid/.git/objects/03/a7c62106ef7958e409587d60a07783b1a023c1' -> 'sftp://os3-310-44666.vs.sakura.ne.jp/home/ubuntu/VPSsync/01-WorkspaceSync/modelica-shared/CustomLib/WalkingInWorldOfThermoFluid/.git/objects/03/a7c62106ef7958e409587d60a07783b1a023c1' (58)
2025-11-19 07:40:58: Copy Over 'C:/Users/grabacr/VPSsync/01-WorkspaceSync/modelica-shared/CustomLib/WalkingInWorldOfThermoFluid/.git/objects/13/5f832e939cc6f9d8fa6d80804eddde23ee1ecf' -> 'sftp://os3-310-44666.vs.sakura.ne.jp/home/ubuntu/VPSsync/01-WorkspaceSync/modelica-shared/CustomLib/WalkingInWorldOfThermoFluid/.git/objects/13/5f832e939cc6f9d8fa6d80804eddde23ee1ecf' (147)
2025-11-19 07:40:58: Copy New 'C:/Users/grabacr/VPSsync/01-WorkspaceSync/modelica-shared/CustomLib/WalkingInWorldOfThermoFluid/.git/objects/15/06e2185a74296ae8a5112e1744e461d1ac6312' -> 'sftp://os3-310-44666.vs.sakura.ne.jp/home/ubuntu/VPSsync/01-WorkspaceSync/modelica-shared/CustomLib/WalkingInWorldOfThermoFluid/.git/objects/15/06e2185a74296ae8a5112e1744e461d1ac6312' (42,910)
2025-11-19 07:40:58: Copy Over 'C:/Users/grabacr/VPSsync/01-WorkspaceSync/modelica-shared/CustomLib/WalkingInWorldOfThermoFluid/.git/objects/1a/565feaa25689e1bfc44a079bea1150c880e0cf' -> 'sftp://os3-310-44666.vs.sakura.ne.jp/home/ubuntu/VPSsync/01-WorkspaceSync/modelica-shared/CustomLib/WalkingInWorldOfThermoFluid/.git/objects/1a/565feaa25689e1bfc44a079bea1150c880e0cf' (921)
2025-11-19 07:40:58: Copy New 'C:/Users/grabacr/VPSsync/01-WorkspaceSync/modelica-shared/CustomLib/WalkingInWorldOfThermoFluid/.git/objects/1b/161432ef8f347d088f8f3ab7efb40b76f8e673' -> 'sftp://os3-310-44666.vs.sakura.ne.jp/home/ubuntu/VPSsync/01-WorkspaceSync/modelica-shared/CustomLib/WalkingInWorldOfThermoFluid/.git/objects/1b/161432ef8f347d088f8f3ab7efb40b76f8e673' (491)
2025-11-19 07:40:58: Copy New 'C:/Users/grabacr/VPSsync/01-WorkspaceSync/modelica-shared/CustomLib/WalkingInWorldOfThermoFluid/.git/objects/22/069c3666d3d52106f9ad744eb87ea044d1d8c4' -> 'sftp://os3-310-44666.vs.sakura.ne.jp/home/ubuntu/VPSsync/01-WorkspaceSync/modelica-shared/CustomLib/WalkingInWorldOfThermoFluid/.git/objects/22/069c3666d3d52106f9ad744eb87ea044d1d8c4' (16,458)
2025-11-19 07:40:58: Copy New 'C:/Users/grabacr/VPSsync/01-WorkspaceSync/modelica-shared/CustomLib/WalkingInWorldOfThermoFluid/.git/objects/25/e0766bf3291c2b6d119d626334ec1ca3dc2172' -> 'sftp://os3-310-44666.vs.sakura.ne.jp/home/ubuntu/VPSsync/01-WorkspaceSync/modelica-shared/CustomLib/WalkingInWorldOfThermoFluid/.git/objects/25/e0766bf3291c2b6d119d626334ec1ca3dc2172' (84)
2025-11-19 07:40:58: Copy New 'C:/Users/grabacr/VPSsync/01-WorkspaceSync/modelica-shared/CustomLib/WalkingInWorldOfThermoFluid/.git/objects/22/0d24ab2dd90a9760d28b9487b35459f8dcbd8a' -> 'sftp://os3-310-44666.vs.sakura.ne.jp/home/ubuntu/VPSsync/01-WorkspaceSync/modelica-shared/CustomLib/WalkingInWorldOfThermoFluid/.git/objects/22/0d24ab2dd90a9760d28b9487b35459f8dcbd8a' (211)
2025-11-19 07:40:58: Copy New 'C:/Users/grabacr/VPSsync/01-WorkspaceSync/modelica-shared/CustomLib/WalkingInWorldOfThermoFluid/.git/objects/2e/ae7831e9aa91b4f319cf0f6a1eeaa5acd6c54f' -> 'sftp://os3-310-44666.vs.sakura.ne.jp/home/ubuntu/VPSsync/01-WorkspaceSync/modelica-shared/CustomLib/WalkingInWorldOfThermoFluid/.git/objects/2e/ae7831e9aa91b4f319cf0f6a1eeaa5acd6c54f' (23,804)
2025-11-19 07:40:58: Copy New 'C:/Users/grabacr/VPSsync/01-WorkspaceSync/modelica-shared/CustomLib/WalkingInWorldOfThermoFluid/.git/objects/35/650c801c37dc3ec6bec0a887c479cc75b79388' -> 'sftp://os3-310-44666.vs.sakura.ne.jp/home/ubuntu/VPSsync/01-WorkspaceSync/modelica-shared/CustomLib/WalkingInWorldOfThermoFluid/.git/objects/35/650c801c37dc3ec6bec0a887c479cc75b79388' (611)
2025-11-19 07:40:59: Copy New 'C:/Users/grabacr/VPSsync/01-WorkspaceSync/modelica-shared/CustomLib/WalkingInWorldOfThermoFluid/.git/objects/42/109c164cd9b8308ff1327f2c4b4cb9e29ffc69' -> 'sftp://os3-310-44666.vs.sakura.ne.jp/home/ubuntu/VPSsync/01-WorkspaceSync/modelica-shared/CustomLib/WalkingInWorldOfThermoFluid/.git/objects/42/109c164cd9b8308ff1327f2c4b4cb9e29ffc69' (16,940)
2025-11-19 07:40:59: Copy New 'C:/Users/grabacr/VPSsync/01-WorkspaceSync/modelica-shared/CustomLib/WalkingInWorldOfThermoFluid/.git/objects/44/0812c3b940d67c128c2022d753efeaf8ee47c1' -> 'sftp://os3-310-44666.vs.sakura.ne.jp/home/ubuntu/VPSsync/01-WorkspaceSync/modelica-shared/CustomLib/WalkingInWorldOfThermoFluid/.git/objects/44/0812c3b940d67c128c2022d753efeaf8ee47c1' (1,303)
2025-11-19 07:40:59: Copy New 'C:/Users/grabacr/VPSsync/01-WorkspaceSync/modelica-shared/CustomLib/WalkingInWorldOfThermoFluid/.git/objects/43/a1ad856e3ddb3872b28281add34981f50bbba8' -> 'sftp://os3-310-44666.vs.sakura.ne.jp/home/ubuntu/VPSsync/01-WorkspaceSync/modelica-shared/CustomLib/WalkingInWorldOfThermoFluid/.git/objects/43/a1ad856e3ddb3872b28281add34981f50bbba8' (85,382)
2025-11-19 07:40:59: Copy New 'C:/Users/grabacr/VPSsync/01-WorkspaceSync/modelica-shared/CustomLib/WalkingInWorldOfThermoFluid/.git/objects/4d/5062fba3ccce07655b38c97495c09920ce8326' -> 'sftp://os3-310-44666.vs.sakura.ne.jp/home/ubuntu/VPSsync/01-WorkspaceSync/modelica-shared/CustomLib/WalkingInWorldOfThermoFluid/.git/objects/4d/5062fba3ccce07655b38c97495c09920ce8326' (1,297)
2025-11-19 07:40:59: Copy New 'C:/Users/grabacr/VPSsync/01-WorkspaceSync/modelica-shared/CustomLib/WalkingInWorldOfThermoFluid/.git/objects/4f/93dfcaf198fec8b57eead03a53738e117c0f24' -> 'sftp://os3-310-44666.vs.sakura.ne.jp/home/ubuntu/VPSsync/01-WorkspaceSync/modelica-shared/CustomLib/WalkingInWorldOfThermoFluid/.git/objects/4f/93dfcaf198fec8b57eead03a53738e117c0f24' (176)
2025-11-19 07:40:59: Copy New 'C:/Users/grabacr/VPSsync/01-WorkspaceSync/modelica-shared/CustomLib/WalkingInWorldOfThermoFluid/.git/objects/56/66e4b61fe80d509abe5e63fecab9f7ea05fb4e' -> 'sftp://os3-310-44666.vs.sakura.ne.jp/home/ubuntu/VPSsync/01-WorkspaceSync/modelica-shared/CustomLib/WalkingInWorldOfThermoFluid/.git/objects/56/66e4b61fe80d509abe5e63fecab9f7ea05fb4e' (178)
2025-11-19 07:40:59: Copy Over 'C:/Users/grabacr/VPSsync/01-WorkspaceSync/modelica-shared/CustomLib/WalkingInWorldOfThermoFluid/.git/objects/55/6a12b0f5cdd490636a2a02c8f8de7d34d07df3' -> 'sftp://os3-310-44666.vs.sakura.ne.jp/home/ubuntu/VPSsync/01-WorkspaceSync/modelica-shared/CustomLib/WalkingInWorldOfThermoFluid/.git/objects/55/6a12b0f5cdd490636a2a02c8f8de7d34d07df3' (50)
2025-11-19 07:40:59: Copy Over 'C:/Users/grabacr/VPSsync/01-WorkspaceSync/modelica-shared/CustomLib/WalkingInWorldOfThermoFluid/.git/objects/58/1a2af57b7829efebf5bc7d758eec0293f86bb8' -> 'sftp://os3-310-44666.vs.sakura.ne.jp/home/ubuntu/VPSsync/01-WorkspaceSync/modelica-shared/CustomLib/WalkingInWorldOfThermoFluid/.git/objects/58/1a2af57b7829efebf5bc7d758eec0293f86bb8' (109)
2025-11-19 07:40:59: Copy Over 'C:/Users/grabacr/VPSsync/01-WorkspaceSync/modelica-shared/CustomLib/WalkingInWorldOfThermoFluid/.git/objects/5f/321c321775887559ef8aa1d2727e6ebdd5ee99' -> 'sftp://os3-310-44666.vs.sakura.ne.jp/home/ubuntu/VPSsync/01-WorkspaceSync/modelica-shared/CustomLib/WalkingInWorldOfThermoFluid/.git/objects/5f/321c321775887559ef8aa1d2727e6ebdd5ee99' (150)
2025-11-19 07:41:00: Copy Over 'C:/Users/grabacr/VPSsync/01-WorkspaceSync/modelica-shared/CustomLib/WalkingInWorldOfThermoFluid/.git/objects/5c/f9895ea6f31da3e8c9b92c5ed06e5d43a75587' -> 'sftp://os3-310-44666.vs.sakura.ne.jp/home/ubuntu/VPSsync/01-WorkspaceSync/modelica-shared/CustomLib/WalkingInWorldOfThermoFluid/.git/objects/5c/f9895ea6f31da3e8c9b92c5ed06e5d43a75587' (52)
2025-11-19 07:41:00: Copy New 'C:/Users/grabacr/VPSsync/01-WorkspaceSync/modelica-shared/CustomLib/WalkingInWorldOfThermoFluid/.git/objects/65/879170ec3c27f8b4eb60863bc26890bd939388' -> 'sftp://os3-310-44666.vs.sakura.ne.jp/home/ubuntu/VPSsync/01-WorkspaceSync/modelica-shared/CustomLib/WalkingInWorldOfThermoFluid/.git/objects/65/879170ec3c27f8b4eb60863bc26890bd939388' (251)
2025-11-19 07:41:00: Copy Over 'C:/Users/grabacr/VPSsync/01-WorkspaceSync/modelica-shared/CustomLib/WalkingInWorldOfThermoFluid/.git/objects/62/b53bc9ea872e49bb3a85c9cef6de7b7808a04d' -> 'sftp://os3-310-44666.vs.sakura.ne.jp/home/ubuntu/VPSsync/01-WorkspaceSync/modelica-shared/CustomLib/WalkingInWorldOfThermoFluid/.git/objects/62/b53bc9ea872e49bb3a85c9cef6de7b7808a04d' (144)
2025-11-19 07:41:00: Copy New 'C:/Users/grabacr/VPSsync/01-WorkspaceSync/modelica-shared/CustomLib/WalkingInWorldOfThermoFluid/.git/objects/63/b1f8075c6396105c6e9ebe6850e093218f54c4' -> 'sftp://os3-310-44666.vs.sakura.ne.jp/home/ubuntu/VPSsync/01-WorkspaceSync/modelica-shared/CustomLib/WalkingInWorldOfThermoFluid/.git/objects/63/b1f8075c6396105c6e9ebe6850e093218f54c4' (274)
2025-11-19 07:41:00: Copy New 'C:/Users/grabacr/VPSsync/01-WorkspaceSync/modelica-shared/CustomLib/WalkingInWorldOfThermoFluid/.git/objects/66/1c961acf0b656fcbb97ff6c9d4804aca16575d' -> 'sftp://os3-310-44666.vs.sakura.ne.jp/home/ubuntu/VPSsync/01-WorkspaceSync/modelica-shared/CustomLib/WalkingInWorldOfThermoFluid/.git/objects/66/1c961acf0b656fcbb97ff6c9d4804aca16575d' (492)
2025-11-19 07:41:00: Copy New 'C:/Users/grabacr/VPSsync/01-WorkspaceSync/modelica-shared/CustomLib/WalkingInWorldOfThermoFluid/.git/objects/6d/a633929388902d8b3ed9afba08fa0d35b392eb' -> 'sftp://os3-310-44666.vs.sakura.ne.jp/home/ubuntu/VPSsync/01-WorkspaceSync/modelica-shared/CustomLib/WalkingInWorldOfThermoFluid/.git/objects/6d/a633929388902d8b3ed9afba08fa0d35b392eb' (65,046)
2025-11-19 07:41:00: Copy New 'C:/Users/grabacr/VPSsync/01-WorkspaceSync/modelica-shared/CustomLib/WalkingInWorldOfThermoFluid/.git/objects/71/57ad1fbc04bcb09f31c58bc4f1e811ca61731d' -> 'sftp://os3-310-44666.vs.sakura.ne.jp/home/ubuntu/VPSsync/01-WorkspaceSync/modelica-shared/CustomLib/WalkingInWorldOfThermoFluid/.git/objects/71/57ad1fbc04bcb09f31c58bc4f1e811ca61731d' (1,041)
2025-11-19 07:41:00: Copy Over 'C:/Users/grabacr/VPSsync/01-WorkspaceSync/modelica-shared/CustomLib/WalkingInWorldOfThermoFluid/.git/objects/73/203960b62ad29a7ee91be27f947c97d0b161fd' -> 'sftp://os3-310-44666.vs.sakura.ne.jp/home/ubuntu/VPSsync/01-WorkspaceSync/modelica-shared/CustomLib/WalkingInWorldOfThermoFluid/.git/objects/73/203960b62ad29a7ee91be27f947c97d0b161fd' (256)
2025-11-19 07:41:00: Copy New 'C:/Users/grabacr/VPSsync/01-WorkspaceSync/modelica-shared/CustomLib/WalkingInWorldOfThermoFluid/.git/objects/73/d677a527feb8d673a5efa8b363dd7029e56c16' -> 'sftp://os3-310-44666.vs.sakura.ne.jp/home/ubuntu/VPSsync/01-WorkspaceSync/modelica-shared/CustomLib/WalkingInWorldOfThermoFluid/.git/objects/73/d677a527feb8d673a5efa8b363dd7029e56c16' (58)
2025-11-19 07:41:00: Copy New 'C:/Users/grabacr/VPSsync/01-WorkspaceSync/modelica-shared/CustomLib/WalkingInWorldOfThermoFluid/.git/objects/7b/b6848b619fd2953d1b96dd375b0273d4a00a0a' -> 'sftp://os3-310-44666.vs.sakura.ne.jp/home/ubuntu/VPSsync/01-WorkspaceSync/modelica-shared/CustomLib/WalkingInWorldOfThermoFluid/.git/objects/7b/b6848b619fd2953d1b96dd375b0273d4a00a0a' (62,119)
2025-11-19 07:41:00: Copy New 'C:/Users/grabacr/VPSsync/01-WorkspaceSync/modelica-shared/CustomLib/WalkingInWorldOfThermoFluid/.git/objects/83/cb6982b747823a10a51a907bdbc8449c65e569' -> 'sftp://os3-310-44666.vs.sakura.ne.jp/home/ubuntu/VPSsync/01-WorkspaceSync/modelica-shared/CustomLib/WalkingInWorldOfThermoFluid/.git/objects/83/cb6982b747823a10a51a907bdbc8449c65e569' (399)
2025-11-19 07:41:00: Copy New 'C:/Users/grabacr/VPSsync/01-WorkspaceSync/modelica-shared/CustomLib/WalkingInWorldOfThermoFluid/.git/objects/82/efa716810fb3133f88c1539d2989ab3233669b' -> 'sftp://os3-310-44666.vs.sakura.ne.jp/home/ubuntu/VPSsync/01-WorkspaceSync/modelica-shared/CustomLib/WalkingInWorldOfThermoFluid/.git/objects/82/efa716810fb3133f88c1539d2989ab3233669b' (1,540)
2025-11-19 07:41:00: Copy Over 'C:/Users/grabacr/VPSsync/01-WorkspaceSync/modelica-shared/CustomLib/WalkingInWorldOfThermoFluid/.git/objects/7d/11dbcd8ca7627754f5c6d95a760439129a341c' -> 'sftp://os3-310-44666.vs.sakura.ne.jp/home/ubuntu/VPSsync/01-WorkspaceSync/modelica-shared/CustomLib/WalkingInWorldOfThermoFluid/.git/objects/7d/11dbcd8ca7627754f5c6d95a760439129a341c' (166)
2025-11-19 07:41:01: Copy New 'C:/Users/grabacr/VPSsync/01-WorkspaceSync/modelica-shared/CustomLib/WalkingInWorldOfThermoFluid/.git/objects/8f/1189bc65274e5353f18544843fabe894e20033' -> 'sftp://os3-310-44666.vs.sakura.ne.jp/home/ubuntu/VPSsync/01-WorkspaceSync/modelica-shared/CustomLib/WalkingInWorldOfThermoFluid/.git/objects/8f/1189bc65274e5353f18544843fabe894e20033' (172)
2025-11-19 07:41:01: Copy Over 'C:/Users/grabacr/VPSsync/01-WorkspaceSync/modelica-shared/CustomLib/WalkingInWorldOfThermoFluid/.git/objects/87/7ae2f355e692a31844af7a09c7e1b33ef62394' -> 'sftp://os3-310-44666.vs.sakura.ne.jp/home/ubuntu/VPSsync/01-WorkspaceSync/modelica-shared/CustomLib/WalkingInWorldOfThermoFluid/.git/objects/87/7ae2f355e692a31844af7a09c7e1b33ef62394' (199)
2025-11-19 07:41:01: Copy Over 'C:/Users/grabacr/VPSsync/01-WorkspaceSync/modelica-shared/CustomLib/WalkingInWorldOfThermoFluid/.git/objects/89/99f5f825029527a2101f1b7576dbbb288d40f0' -> 'sftp://os3-310-44666.vs.sakura.ne.jp/home/ubuntu/VPSsync/01-WorkspaceSync/modelica-shared/CustomLib/WalkingInWorldOfThermoFluid/.git/objects/89/99f5f825029527a2101f1b7576dbbb288d40f0' (528)
2025-11-19 07:41:01: Copy New 'C:/Users/grabacr/VPSsync/01-WorkspaceSync/modelica-shared/CustomLib/WalkingInWorldOfThermoFluid/.git/objects/98/3740174d0e144ec8a385294ebbc035a79da910' -> 'sftp://os3-310-44666.vs.sakura.ne.jp/home/ubuntu/VPSsync/01-WorkspaceSync/modelica-shared/CustomLib/WalkingInWorldOfThermoFluid/.git/objects/98/3740174d0e144ec8a385294ebbc035a79da910' (58)
2025-11-19 07:41:01: Copy Over 'C:/Users/grabacr/VPSsync/01-WorkspaceSync/modelica-shared/CustomLib/WalkingInWorldOfThermoFluid/.git/objects/89/a76f859df8a786336483370b78a712fc6e79cc' -> 'sftp://os3-310-44666.vs.sakura.ne.jp/home/ubuntu/VPSsync/01-WorkspaceSync/modelica-shared/CustomLib/WalkingInWorldOfThermoFluid/.git/objects/89/a76f859df8a786336483370b78a712fc6e79cc' (116)
2025-11-19 07:41:01: Copy New 'C:/Users/grabacr/VPSsync/01-WorkspaceSync/modelica-shared/CustomLib/WalkingInWorldOfThermoFluid/.git/objects/9b/e249ff967cd0f79176a95e4a2a2ea53cd9a613' -> 'sftp://os3-310-44666.vs.sakura.ne.jp/home/ubuntu/VPSsync/01-WorkspaceSync/modelica-shared/CustomLib/WalkingInWorldOfThermoFluid/.git/objects/9b/e249ff967cd0f79176a95e4a2a2ea53cd9a613' (590)
2025-11-19 07:41:01: Copy New 'C:/Users/grabacr/VPSsync/01-WorkspaceSync/modelica-shared/CustomLib/WalkingInWorldOfThermoFluid/.git/objects/a4/ad7f25d9b36dbdf7e0b1dd99c8ff74cd31f978' -> 'sftp://os3-310-44666.vs.sakura.ne.jp/home/ubuntu/VPSsync/01-WorkspaceSync/modelica-shared/CustomLib/WalkingInWorldOfThermoFluid/.git/objects/a4/ad7f25d9b36dbdf7e0b1dd99c8ff74cd31f978' (24,897)
2025-11-19 07:41:01: Copy New 'C:/Users/grabacr/VPSsync/01-WorkspaceSync/modelica-shared/CustomLib/WalkingInWorldOfThermoFluid/.git/objects/9b/d2a0857c164d1f1046b482593d13017c699684' -> 'sftp://os3-310-44666.vs.sakura.ne.jp/home/ubuntu/VPSsync/01-WorkspaceSync/modelica-shared/CustomLib/WalkingInWorldOfThermoFluid/.git/objects/9b/d2a0857c164d1f1046b482593d13017c699684' (70,832)
2025-11-19 07:41:01: Copy New 'C:/Users/grabacr/VPSsync/01-WorkspaceSync/modelica-shared/CustomLib/WalkingInWorldOfThermoFluid/.git/objects/aa/636660f328b0666fd33a98a55898dcc686382a' -> 'sftp://os3-310-44666.vs.sakura.ne.jp/home/ubuntu/VPSsync/01-WorkspaceSync/modelica-shared/CustomLib/WalkingInWorldOfThermoFluid/.git/objects/aa/636660f328b0666fd33a98a55898dcc686382a' (676)
2025-11-19 07:41:01: Copy New 'C:/Users/grabacr/VPSsync/01-WorkspaceSync/modelica-shared/CustomLib/WalkingInWorldOfThermoFluid/.git/objects/bf/b772d3061adfb18e040b3748defddff4b0afbe' -> 'sftp://os3-310-44666.vs.sakura.ne.jp/home/ubuntu/VPSsync/01-WorkspaceSync/modelica-shared/CustomLib/WalkingInWorldOfThermoFluid/.git/objects/bf/b772d3061adfb18e040b3748defddff4b0afbe' (58)
2025-11-19 07:41:01: Copy Over 'C:/Users/grabacr/VPSsync/01-WorkspaceSync/modelica-shared/CustomLib/WalkingInWorldOfThermoFluid/.git/objects/bd/1ec28fbec60a5f550f85e261b839c335bb2a5d' -> 'sftp://os3-310-44666.vs.sakura.ne.jp/home/ubuntu/VPSsync/01-WorkspaceSync/modelica-shared/CustomLib/WalkingInWorldOfThermoFluid/.git/objects/bd/1ec28fbec60a5f550f85e261b839c335bb2a5d' (159)
2025-11-19 07:41:01: Copy New 'C:/Users/grabacr/VPSsync/01-WorkspaceSync/modelica-shared/CustomLib/WalkingInWorldOfThermoFluid/.git/objects/c5/312417b35cc7926ddabd5a3a0cb81f58b70072' -> 'sftp://os3-310-44666.vs.sakura.ne.jp/home/ubuntu/VPSsync/01-WorkspaceSync/modelica-shared/CustomLib/WalkingInWorldOfThermoFluid/.git/objects/c5/312417b35cc7926ddabd5a3a0cb81f58b70072' (340)
2025-11-19 07:41:01: Copy New 'C:/Users/grabacr/VPSsync/01-WorkspaceSync/modelica-shared/CustomLib/WalkingInWorldOfThermoFluid/.git/objects/bf/c892db017c5e733d03c9487383841ea98f164e' -> 'sftp://os3-310-44666.vs.sakura.ne.jp/home/ubuntu/VPSsync/01-WorkspaceSync/modelica-shared/CustomLib/WalkingInWorldOfThermoFluid/.git/objects/bf/c892db017c5e733d03c9487383841ea98f164e' (20,464)
2025-11-19 07:41:02: Copy New 'C:/Users/grabacr/VPSsync/01-WorkspaceSync/modelica-shared/CustomLib/WalkingInWorldOfThermoFluid/.git/objects/c6/6c8c41611916017ed67a7204a4e95f2e8244ad' -> 'sftp://os3-310-44666.vs.sakura.ne.jp/home/ubuntu/VPSsync/01-WorkspaceSync/modelica-shared/CustomLib/WalkingInWorldOfThermoFluid/.git/objects/c6/6c8c41611916017ed67a7204a4e95f2e8244ad' (18,827)
2025-11-19 07:41:02: Copy New 'C:/Users/grabacr/VPSsync/01-WorkspaceSync/modelica-shared/CustomLib/WalkingInWorldOfThermoFluid/.git/objects/c9/5c1bdd3d091809fec8151e526077cfc5372c56' -> 'sftp://os3-310-44666.vs.sakura.ne.jp/home/ubuntu/VPSsync/01-WorkspaceSync/modelica-shared/CustomLib/WalkingInWorldOfThermoFluid/.git/objects/c9/5c1bdd3d091809fec8151e526077cfc5372c56' (485)
2025-11-19 07:41:02: Copy New 'C:/Users/grabacr/VPSsync/01-WorkspaceSync/modelica-shared/CustomLib/WalkingInWorldOfThermoFluid/.git/objects/cb/5e5d073ef303b79c0584bbddf235aaed69bdcc' -> 'sftp://os3-310-44666.vs.sakura.ne.jp/home/ubuntu/VPSsync/01-WorkspaceSync/modelica-shared/CustomLib/WalkingInWorldOfThermoFluid/.git/objects/cb/5e5d073ef303b79c0584bbddf235aaed69bdcc' (162)
2025-11-19 07:41:02: Copy New 'C:/Users/grabacr/VPSsync/01-WorkspaceSync/modelica-shared/CustomLib/WalkingInWorldOfThermoFluid/.git/objects/cc/76e180c1f02257499934c90e180e0d13ea2aed' -> 'sftp://os3-310-44666.vs.sakura.ne.jp/home/ubuntu/VPSsync/01-WorkspaceSync/modelica-shared/CustomLib/WalkingInWorldOfThermoFluid/.git/objects/cc/76e180c1f02257499934c90e180e0d13ea2aed' (491)
2025-11-19 07:41:02: Copy New 'C:/Users/grabacr/VPSsync/01-WorkspaceSync/modelica-shared/CustomLib/WalkingInWorldOfThermoFluid/.git/objects/cc/9de702ec25a4107f09551c0a2164ec4f4be6f5' -> 'sftp://os3-310-44666.vs.sakura.ne.jp/home/ubuntu/VPSsync/01-WorkspaceSync/modelica-shared/CustomLib/WalkingInWorldOfThermoFluid/.git/objects/cc/9de702ec25a4107f09551c0a2164ec4f4be6f5' (340)
2025-11-19 07:41:02: Copy New 'C:/Users/grabacr/VPSsync/01-WorkspaceSync/modelica-shared/CustomLib/WalkingInWorldOfThermoFluid/.git/objects/d1/802805ed3e7667ce5cade12c3cee69a030ca5a' -> 'sftp://os3-310-44666.vs.sakura.ne.jp/home/ubuntu/VPSsync/01-WorkspaceSync/modelica-shared/CustomLib/WalkingInWorldOfThermoFluid/.git/objects/d1/802805ed3e7667ce5cade12c3cee69a030ca5a' (12,325)
2025-11-19 07:41:02: Copy New 'C:/Users/grabacr/VPSsync/01-WorkspaceSync/modelica-shared/CustomLib/WalkingInWorldOfThermoFluid/.git/objects/d0/75f1abdd97b1f81e859014ac2f68ac0ced50b7' -> 'sftp://os3-310-44666.vs.sakura.ne.jp/home/ubuntu/VPSsync/01-WorkspaceSync/modelica-shared/CustomLib/WalkingInWorldOfThermoFluid/.git/objects/d0/75f1abdd97b1f81e859014ac2f68ac0ced50b7' (405)
2025-11-19 07:41:02: Copy New 'C:/Users/grabacr/VPSsync/01-WorkspaceSync/modelica-shared/CustomLib/WalkingInWorldOfThermoFluid/.git/objects/cf/c6a9c4a59a9de541ca000b13d2f6081552695c' -> 'sftp://os3-310-44666.vs.sakura.ne.jp/home/ubuntu/VPSsync/01-WorkspaceSync/modelica-shared/CustomLib/WalkingInWorldOfThermoFluid/.git/objects/cf/c6a9c4a59a9de541ca000b13d2f6081552695c' (138,582)
2025-11-19 07:41:02: Copy New 'C:/Users/grabacr/VPSsync/01-WorkspaceSync/modelica-shared/CustomLib/WalkingInWorldOfThermoFluid/.git/objects/de/07a3a58dd8be8c6e46d0605780bb02a696ecdc' -> 'sftp://os3-310-44666.vs.sakura.ne.jp/home/ubuntu/VPSsync/01-WorkspaceSync/modelica-shared/CustomLib/WalkingInWorldOfThermoFluid/.git/objects/de/07a3a58dd8be8c6e46d0605780bb02a696ecdc' (84)
2025-11-19 07:41:02: Copy Over 'C:/Users/grabacr/VPSsync/01-WorkspaceSync/modelica-shared/CustomLib/WalkingInWorldOfThermoFluid/.git/objects/d9/bcd0c6918d4b4e302ec5e34d1660dd8210d323' -> 'sftp://os3-310-44666.vs.sakura.ne.jp/home/ubuntu/VPSsync/01-WorkspaceSync/modelica-shared/CustomLib/WalkingInWorldOfThermoFluid/.git/objects/d9/bcd0c6918d4b4e302ec5e34d1660dd8210d323' (67)
2025-11-19 07:41:02: Copy New 'C:/Users/grabacr/VPSsync/01-WorkspaceSync/modelica-shared/CustomLib/WalkingInWorldOfThermoFluid/.git/objects/ee/5645f3fe8e5654c59065cdf221b12417109039' -> 'sftp://os3-310-44666.vs.sakura.ne.jp/home/ubuntu/VPSsync/01-WorkspaceSync/modelica-shared/CustomLib/WalkingInWorldOfThermoFluid/.git/objects/ee/5645f3fe8e5654c59065cdf221b12417109039' (11,532)
2025-11-19 07:41:02: Copy Over 'C:/Users/grabacr/VPSsync/01-WorkspaceSync/modelica-shared/CustomLib/WalkingInWorldOfThermoFluid/.git/objects/e2/c431fd1686f96468a72886c99b9cd28ca14849' -> 'sftp://os3-310-44666.vs.sakura.ne.jp/home/ubuntu/VPSsync/01-WorkspaceSync/modelica-shared/CustomLib/WalkingInWorldOfThermoFluid/.git/objects/e2/c431fd1686f96468a72886c99b9cd28ca14849' (1,427)
2025-11-19 07:41:03: Copy New 'C:/Users/grabacr/VPSsync/01-WorkspaceSync/modelica-shared/CustomLib/WalkingInWorldOfThermoFluid/.git/objects/f2/457b1e48bd629745a7b01000f1e8f7896ea8a1' -> 'sftp://os3-310-44666.vs.sakura.ne.jp/home/ubuntu/VPSsync/01-WorkspaceSync/modelica-shared/CustomLib/WalkingInWorldOfThermoFluid/.git/objects/f2/457b1e48bd629745a7b01000f1e8f7896ea8a1' (252)
2025-11-19 07:41:03: Copy New 'C:/Users/grabacr/VPSsync/01-WorkspaceSync/modelica-shared/CustomLib/WalkingInWorldOfThermoFluid/.git/objects/f5/591e260bfefa96403bc2924cc984c09bb8a118' -> 'sftp://os3-310-44666.vs.sakura.ne.jp/home/ubuntu/VPSsync/01-WorkspaceSync/modelica-shared/CustomLib/WalkingInWorldOfThermoFluid/.git/objects/f5/591e260bfefa96403bc2924cc984c09bb8a118' (524)
2025-11-19 07:41:03: Copy New 'C:/Users/grabacr/VPSsync/01-WorkspaceSync/modelica-shared/CustomLib/WalkingInWorldOfThermoFluid/.git/objects/f6/66a536d118021376452cc58f92dded8b67493d' -> 'sftp://os3-310-44666.vs.sakura.ne.jp/home/ubuntu/VPSsync/01-WorkspaceSync/modelica-shared/CustomLib/WalkingInWorldOfThermoFluid/.git/objects/f6/66a536d118021376452cc58f92dded8b67493d' (485)
2025-11-19 07:41:03: Copy Over 'C:/Users/grabacr/VPSsync/01-WorkspaceSync/modelica-shared/CustomLib/WalkingInWorldOfThermoFluid/.git/logs/refs/heads/master' -> 'sftp://os3-310-44666.vs.sakura.ne.jp/home/ubuntu/VPSsync/01-WorkspaceSync/modelica-shared/CustomLib/WalkingInWorldOfThermoFluid/.git/logs/refs/heads/master' (28,225)
2025-11-19 07:41:03: Copy Over 'C:/Users/grabacr/VPSsync/01-WorkspaceSync/modelica-shared/CustomLib/WalkingInWorldOfThermoFluid/.git/refs/remotes/origin/master' -> 'sftp://os3-310-44666.vs.sakura.ne.jp/home/ubuntu/VPSsync/01-WorkspaceSync/modelica-shared/CustomLib/WalkingInWorldOfThermoFluid/.git/refs/remotes/origin/master' (41)
2025-11-19 07:41:03: Copy Over 'C:/Users/grabacr/VPSsync/01-WorkspaceSync/modelica-shared/CustomLib/WalkingInWorldOfThermoFluid/.git/refs/heads/master' -> 'sftp://os3-310-44666.vs.sakura.ne.jp/home/ubuntu/VPSsync/01-WorkspaceSync/modelica-shared/CustomLib/WalkingInWorldOfThermoFluid/.git/refs/heads/master' (41)
2025-11-19 07:41:03: Copy Over 'C:/Users/grabacr/VPSsync/01-WorkspaceSync/modelica-shared/CustomLib/WalkingInWorldOfThermoFluid/.git/sourcetreeconfig.json' -> 'sftp://os3-310-44666.vs.sakura.ne.jp/home/ubuntu/VPSsync/01-WorkspaceSync/modelica-shared/CustomLib/WalkingInWorldOfThermoFluid/.git/sourcetreeconfig.json' (868)
2025-11-19 07:41:03: Copy Over 'C:/Users/grabacr/VPSsync/01-WorkspaceSync/modelica-shared/CustomLib/WalkingInWorldOfThermoFluid/.git/logs/refs/remotes/origin/master' -> 'sftp://os3-310-44666.vs.sakura.ne.jp/home/ubuntu/VPSsync/01-WorkspaceSync/modelica-shared/CustomLib/WalkingInWorldOfThermoFluid/.git/logs/refs/remotes/origin/master' (24,672)
2025-11-19 07:41:04: Copy New 'C:/Users/grabacr/VPSsync/01-WorkspaceSync/modelica-shared/CustomLib/WalkingInWorldOfThermoFluid/docs/Easy/FlowWithHeating_ex03/diagram_01.jpg' -> 'sftp://os3-310-44666.vs.sakura.ne.jp/home/ubuntu/VPSsync/01-WorkspaceSync/modelica-shared/CustomLib/WalkingInWorldOfThermoFluid/docs/Easy/FlowWithHeating_ex03/diagram_01.jpg' (143,066)
2025-11-19 07:41:04: Copy New 'C:/Users/grabacr/VPSsync/01-WorkspaceSync/modelica-shared/CustomLib/WalkingInWorldOfThermoFluid/docs/Easy/FlowWithHeating_ex03/makeFigs.odg' -> 'sftp://os3-310-44666.vs.sakura.ne.jp/home/ubuntu/VPSsync/01-WorkspaceSync/modelica-shared/CustomLib/WalkingInWorldOfThermoFluid/docs/Easy/FlowWithHeating_ex03/makeFigs.odg' (70,418)
2025-11-19 07:41:04: Copy New 'C:/Users/grabacr/VPSsync/01-WorkspaceSync/modelica-shared/CustomLib/WalkingInWorldOfThermoFluid/docs/Easy/FlowWithHeating_ex03/note.jpeg' -> 'sftp://os3-310-44666.vs.sakura.ne.jp/home/ubuntu/VPSsync/01-WorkspaceSync/modelica-shared/CustomLib/WalkingInWorldOfThermoFluid/docs/Easy/FlowWithHeating_ex03/note.jpeg' (149,527)
2025-11-19 07:41:04: Copy New 'C:/Users/grabacr/VPSsync/01-WorkspaceSync/modelica-shared/CustomLib/WalkingInWorldOfThermoFluid/docs/Easy/FlowWithHeating_ex03/note.xopp' -> 'sftp://os3-310-44666.vs.sakura.ne.jp/home/ubuntu/VPSsync/01-WorkspaceSync/modelica-shared/CustomLib/WalkingInWorldOfThermoFluid/docs/Easy/FlowWithHeating_ex03/note.xopp' (62,082)
2025-11-19 07:41:04: Save State File C:/Users/grabacr/VPSsync/01-WorkspaceSync/modelica-shared/CustomLib/WalkingInWorldOfThermoFluid/_gsdata_/_file_state_v4._gs
2025-11-19 07:41:05: Save State File sftp://os3-310-44666.vs.sakura.ne.jp/home/ubuntu/VPSsync/01-WorkspaceSync/modelica-shared/CustomLib/WalkingInWorldOfThermoFluid/_gsdata_/_file_state_v4._gs
2025-11-19 07:41:11: == Sync Complete. Time: 00:00:16, Speed: 155.28 KB/s, OK: 75, Errors: 0
