2025-11-20 06:04:59: Server: SSH-2.0-OpenSSH_9.6p1 Ubuntu-3ubuntu13.14
2025-11-20 06:04:59: Server KEXes: sntrup761x25519-sha512@openssh.com,curve25519-sha256,curve25519-sha256@libssh.org,ecdh-sha2-nistp256,ecdh-sha2-nistp384,ecdh-sha2-nistp521,diffie-hellman-group-exchange-sha256,diffie-hellman-group16-sha512,diffie-hellman-group18-sha512,diffie-hellman-group14-sha256,ext-info-s,kex-strict-s-v00@openssh.com
2025-11-20 06:04:59: Server Host Keys: rsa-sha2-512,rsa-sha2-256,ecdsa-sha2-nistp256,ssh-ed25519
2025-11-20 06:04:59: Chosen Host Key: ssh-ed25519
2025-11-20 06:04:59: Ciphers: chacha20-poly1305@openssh.com,aes128-ctr,aes192-ctr,aes256-ctr,aes128-gcm@openssh.com,aes256-gcm@openssh.com
2025-11-20 06:04:59: MACs: umac-64-etm@openssh.com,umac-128-etm@openssh.com,hmac-sha2-256-etm@openssh.com,hmac-sha2-512-etm@openssh.com,hmac-sha1-etm@openssh.com,umac-64@openssh.com,umac-128@openssh.com,hmac-sha2-256,hmac-sha2-512,hmac-sha1
2025-11-20 06:04:59: Auth: start: publickey
2025-11-20 06:04:59: Auth: publickey: no keys available
2025-11-20 06:04:59: Auth: start: password
2025-11-20 06:05:01: -- Analysis Started by On File Change, After Delay
2025-11-20 06:05:01: Changes: 26, Conflicts: 0, CopyTime: 0, FixState: 0, Errors: 0, All: 2237
2025-11-20 06:05:01: Left to Right: Copy File: 26 
2025-11-20 06:05:01: == Sync Started by On File Change, After Delay
2025-11-20 06:05:01: ConnectCloned connected to file:///~grabacr/VPSsync/01-WorkspaceSync/modelica-shared/CustomLib/WalkingInWorldOfThermoFluid
2025-11-20 06:05:01: ConnectCloned connected to file:///~grabacr/VPSsync/01-WorkspaceSync/modelica-shared/CustomLib/WalkingInWorldOfThermoFluid
2025-11-20 06:05:01: ConnectCloned connected to file:///~grabacr/VPSsync/01-WorkspaceSync/modelica-shared/CustomLib/WalkingInWorldOfThermoFluid
2025-11-20 06:05:01: Server: SSH-2.0-OpenSSH_9.6p1 Ubuntu-3ubuntu13.14
2025-11-20 06:05:01: Server: SSH-2.0-OpenSSH_9.6p1 Ubuntu-3ubuntu13.14
2025-11-20 06:05:01: Server: SSH-2.0-OpenSSH_9.6p1 Ubuntu-3ubuntu13.14
2025-11-20 06:05:01: Server KEXes: sntrup761x25519-sha512@openssh.com,curve25519-sha256,curve25519-sha256@libssh.org,ecdh-sha2-nistp256,ecdh-sha2-nistp384,ecdh-sha2-nistp521,diffie-hellman-group-exchange-sha256,diffie-hellman-group16-sha512,diffie-hellman-group18-sha512,diffie-hellman-group14-sha256,ext-info-s,kex-strict-s-v00@openssh.com
2025-11-20 06:05:01: Server Host Keys: rsa-sha2-512,rsa-sha2-256,ecdsa-sha2-nistp256,ssh-ed25519
2025-11-20 06:05:01: Server KEXes: sntrup761x25519-sha512@openssh.com,curve25519-sha256,curve25519-sha256@libssh.org,ecdh-sha2-nistp256,ecdh-sha2-nistp384,ecdh-sha2-nistp521,diffie-hellman-group-exchange-sha256,diffie-hellman-group16-sha512,diffie-hellman-group18-sha512,diffie-hellman-group14-sha256,ext-info-s,kex-strict-s-v00@openssh.com
2025-11-20 06:05:01: Server Host Keys: rsa-sha2-512,rsa-sha2-256,ecdsa-sha2-nistp256,ssh-ed25519
2025-11-20 06:05:01: Chosen Host Key: ssh-ed25519
2025-11-20 06:05:01: Ciphers: chacha20-poly1305@openssh.com,aes128-ctr,aes192-ctr,aes256-ctr,aes128-gcm@openssh.com,aes256-gcm@openssh.com
2025-11-20 06:05:01: Chosen Host Key: ssh-ed25519
2025-11-20 06:05:01: Ciphers: chacha20-poly1305@openssh.com,aes128-ctr,aes192-ctr,aes256-ctr,aes128-gcm@openssh.com,aes256-gcm@openssh.com
2025-11-20 06:05:01: MACs: umac-64-etm@openssh.com,umac-128-etm@openssh.com,hmac-sha2-256-etm@openssh.com,hmac-sha2-512-etm@openssh.com,hmac-sha1-etm@openssh.com,umac-64@openssh.com,umac-128@openssh.com,hmac-sha2-256,hmac-sha2-512,hmac-sha1
2025-11-20 06:05:01: MACs: umac-64-etm@openssh.com,umac-128-etm@openssh.com,hmac-sha2-256-etm@openssh.com,hmac-sha2-512-etm@openssh.com,hmac-sha1-etm@openssh.com,umac-64@openssh.com,umac-128@openssh.com,hmac-sha2-256,hmac-sha2-512,hmac-sha1
2025-11-20 06:05:01: Server KEXes: sntrup761x25519-sha512@openssh.com,curve25519-sha256,curve25519-sha256@libssh.org,ecdh-sha2-nistp256,ecdh-sha2-nistp384,ecdh-sha2-nistp521,diffie-hellman-group-exchange-sha256,diffie-hellman-group16-sha512,diffie-hellman-group18-sha512,diffie-hellman-group14-sha256,ext-info-s,kex-strict-s-v00@openssh.com
2025-11-20 06:05:01: Server Host Keys: rsa-sha2-512,rsa-sha2-256,ecdsa-sha2-nistp256,ssh-ed25519
2025-11-20 06:05:01: Chosen Host Key: ssh-ed25519
2025-11-20 06:05:01: Ciphers: chacha20-poly1305@openssh.com,aes128-ctr,aes192-ctr,aes256-ctr,aes128-gcm@openssh.com,aes256-gcm@openssh.com
2025-11-20 06:05:01: MACs: umac-64-etm@openssh.com,umac-128-etm@openssh.com,hmac-sha2-256-etm@openssh.com,hmac-sha2-512-etm@openssh.com,hmac-sha1-etm@openssh.com,umac-64@openssh.com,umac-128@openssh.com,hmac-sha2-256,hmac-sha2-512,hmac-sha1
2025-11-20 06:05:01: Auth: start: publickey
2025-11-20 06:05:01: Auth: start: publickey
2025-11-20 06:05:01: Auth: publickey: no keys available
2025-11-20 06:05:01: Auth: start: password
2025-11-20 06:05:01: Auth: publickey: no keys available
2025-11-20 06:05:01: Auth: start: password
2025-11-20 06:05:01: Auth: start: publickey
2025-11-20 06:05:01: Auth: publickey: no keys available
2025-11-20 06:05:01: Auth: start: password
2025-11-20 06:05:02: GsConnectAndSetRoot1 connected to sftp://os3-310-44666.vs.sakura.ne.jp/home/ubuntu/VPSsync/01-WorkspaceSync/modelica-shared/CustomLib/WalkingInWorldOfThermoFluid
2025-11-20 06:05:02: GsConnectAndSetRoot1 connected to sftp://os3-310-44666.vs.sakura.ne.jp/home/ubuntu/VPSsync/01-WorkspaceSync/modelica-shared/CustomLib/WalkingInWorldOfThermoFluid
2025-11-20 06:05:02: GsConnectAndSetRoot1 connected to sftp://os3-310-44666.vs.sakura.ne.jp/home/ubuntu/VPSsync/01-WorkspaceSync/modelica-shared/CustomLib/WalkingInWorldOfThermoFluid
2025-11-20 06:05:03: Copy New 'C:/Users/grabacr/VPSsync/01-WorkspaceSync/modelica-shared/CustomLib/WalkingInWorldOfThermoFluid/.git/objects/21/9b4f39938ad5d4581e6149a6cb2a5b0e8810c1' -> 'sftp://os3-310-44666.vs.sakura.ne.jp/home/ubuntu/VPSsync/01-WorkspaceSync/modelica-shared/CustomLib/WalkingInWorldOfThermoFluid/.git/objects/21/9b4f39938ad5d4581e6149a6cb2a5b0e8810c1' (797)
2025-11-20 06:05:03: Copy New 'C:/Users/grabacr/VPSsync/01-WorkspaceSync/modelica-shared/CustomLib/WalkingInWorldOfThermoFluid/.git/objects/0a/52e550dda175eddf63e304416cb0686d2736f7' -> 'sftp://os3-310-44666.vs.sakura.ne.jp/home/ubuntu/VPSsync/01-WorkspaceSync/modelica-shared/CustomLib/WalkingInWorldOfThermoFluid/.git/objects/0a/52e550dda175eddf63e304416cb0686d2736f7' (241)
2025-11-20 06:05:03: Copy New 'C:/Users/grabacr/VPSsync/01-WorkspaceSync/modelica-shared/CustomLib/WalkingInWorldOfThermoFluid/.git/objects/3a/6b5531c56595b675ef5bce790b8ae3546733f4' -> 'sftp://os3-310-44666.vs.sakura.ne.jp/home/ubuntu/VPSsync/01-WorkspaceSync/modelica-shared/CustomLib/WalkingInWorldOfThermoFluid/.git/objects/3a/6b5531c56595b675ef5bce790b8ae3546733f4' (716)
2025-11-20 06:05:03: Copy New 'C:/Users/grabacr/VPSsync/01-WorkspaceSync/modelica-shared/CustomLib/WalkingInWorldOfThermoFluid/.git/objects/46/6a28f19a4be9676d7db1b3027a30ce7e3e4632' -> 'sftp://os3-310-44666.vs.sakura.ne.jp/home/ubuntu/VPSsync/01-WorkspaceSync/modelica-shared/CustomLib/WalkingInWorldOfThermoFluid/.git/objects/46/6a28f19a4be9676d7db1b3027a30ce7e3e4632' (534)
2025-11-20 06:05:03: Copy Over 'C:/Users/grabacr/VPSsync/01-WorkspaceSync/modelica-shared/CustomLib/WalkingInWorldOfThermoFluid/.git/index' -> 'sftp://os3-310-44666.vs.sakura.ne.jp/home/ubuntu/VPSsync/01-WorkspaceSync/modelica-shared/CustomLib/WalkingInWorldOfThermoFluid/.git/index' (56,243)
2025-11-20 06:05:03: Copy New 'C:/Users/grabacr/VPSsync/01-WorkspaceSync/modelica-shared/CustomLib/WalkingInWorldOfThermoFluid/.git/objects/4c/e83b8b0af9fc2b7370512d8a7e1df0f45e00d5' -> 'sftp://os3-310-44666.vs.sakura.ne.jp/home/ubuntu/VPSsync/01-WorkspaceSync/modelica-shared/CustomLib/WalkingInWorldOfThermoFluid/.git/objects/4c/e83b8b0af9fc2b7370512d8a7e1df0f45e00d5' (534)
2025-11-20 06:05:03: Copy New 'C:/Users/grabacr/VPSsync/01-WorkspaceSync/modelica-shared/CustomLib/WalkingInWorldOfThermoFluid/.git/objects/6a/78bc6d94285cca77979f44892688420fdbcd9f' -> 'sftp://os3-310-44666.vs.sakura.ne.jp/home/ubuntu/VPSsync/01-WorkspaceSync/modelica-shared/CustomLib/WalkingInWorldOfThermoFluid/.git/objects/6a/78bc6d94285cca77979f44892688420fdbcd9f' (534)
2025-11-20 06:05:03: Copy New 'C:/Users/grabacr/VPSsync/01-WorkspaceSync/modelica-shared/CustomLib/WalkingInWorldOfThermoFluid/.git/objects/73/87cc9b146aff27ff9189db1dc407d9d0915579' -> 'sftp://os3-310-44666.vs.sakura.ne.jp/home/ubuntu/VPSsync/01-WorkspaceSync/modelica-shared/CustomLib/WalkingInWorldOfThermoFluid/.git/objects/73/87cc9b146aff27ff9189db1dc407d9d0915579' (535)
2025-11-20 06:05:03: Copy New 'C:/Users/grabacr/VPSsync/01-WorkspaceSync/modelica-shared/CustomLib/WalkingInWorldOfThermoFluid/.git/objects/78/e114506cc70b72f22227d85435f4a8f42dee38' -> 'sftp://os3-310-44666.vs.sakura.ne.jp/home/ubuntu/VPSsync/01-WorkspaceSync/modelica-shared/CustomLib/WalkingInWorldOfThermoFluid/.git/objects/78/e114506cc70b72f22227d85435f4a8f42dee38' (534)
2025-11-20 06:05:03: Copy New 'C:/Users/grabacr/VPSsync/01-WorkspaceSync/modelica-shared/CustomLib/WalkingInWorldOfThermoFluid/.git/objects/7e/3066cbc17349b9cd99056c10698697065be883' -> 'sftp://os3-310-44666.vs.sakura.ne.jp/home/ubuntu/VPSsync/01-WorkspaceSync/modelica-shared/CustomLib/WalkingInWorldOfThermoFluid/.git/objects/7e/3066cbc17349b9cd99056c10698697065be883' (853)
2025-11-20 06:05:03: Copy New 'C:/Users/grabacr/VPSsync/01-WorkspaceSync/modelica-shared/CustomLib/WalkingInWorldOfThermoFluid/.git/objects/82/e588e868b97c440fae4b8ef5de3eabfb99eb86' -> 'sftp://os3-310-44666.vs.sakura.ne.jp/home/ubuntu/VPSsync/01-WorkspaceSync/modelica-shared/CustomLib/WalkingInWorldOfThermoFluid/.git/objects/82/e588e868b97c440fae4b8ef5de3eabfb99eb86' (819)
2025-11-20 06:05:03: Copy New 'C:/Users/grabacr/VPSsync/01-WorkspaceSync/modelica-shared/CustomLib/WalkingInWorldOfThermoFluid/.git/objects/8b/509bd0a5f7a0c70e37acbf48f1d45fd09d35f0' -> 'sftp://os3-310-44666.vs.sakura.ne.jp/home/ubuntu/VPSsync/01-WorkspaceSync/modelica-shared/CustomLib/WalkingInWorldOfThermoFluid/.git/objects/8b/509bd0a5f7a0c70e37acbf48f1d45fd09d35f0' (812)
2025-11-20 06:05:03: Copy New 'C:/Users/grabacr/VPSsync/01-WorkspaceSync/modelica-shared/CustomLib/WalkingInWorldOfThermoFluid/.git/objects/85/06537596faee93c1f4282f4017b05ca9701392' -> 'sftp://os3-310-44666.vs.sakura.ne.jp/home/ubuntu/VPSsync/01-WorkspaceSync/modelica-shared/CustomLib/WalkingInWorldOfThermoFluid/.git/objects/85/06537596faee93c1f4282f4017b05ca9701392' (50,335)
2025-11-20 06:05:03: Copy New 'C:/Users/grabacr/VPSsync/01-WorkspaceSync/modelica-shared/CustomLib/WalkingInWorldOfThermoFluid/.git/objects/b3/ddf3402a79972a771831a0c6ac6d53f7bbc2d8' -> 'sftp://os3-310-44666.vs.sakura.ne.jp/home/ubuntu/VPSsync/01-WorkspaceSync/modelica-shared/CustomLib/WalkingInWorldOfThermoFluid/.git/objects/b3/ddf3402a79972a771831a0c6ac6d53f7bbc2d8' (72,878)
2025-11-20 06:05:04: Copy New 'C:/Users/grabacr/VPSsync/01-WorkspaceSync/modelica-shared/CustomLib/WalkingInWorldOfThermoFluid/.git/objects/b5/08bf3aa1ac49adfd0f2dcadf51cac6bdde3b48' -> 'sftp://os3-310-44666.vs.sakura.ne.jp/home/ubuntu/VPSsync/01-WorkspaceSync/modelica-shared/CustomLib/WalkingInWorldOfThermoFluid/.git/objects/b5/08bf3aa1ac49adfd0f2dcadf51cac6bdde3b48' (818)
2025-11-20 06:05:04: Copy New 'C:/Users/grabacr/VPSsync/01-WorkspaceSync/modelica-shared/CustomLib/WalkingInWorldOfThermoFluid/.git/objects/c0/961d1683c294ab32d006299bb5f1e6c2844526' -> 'sftp://os3-310-44666.vs.sakura.ne.jp/home/ubuntu/VPSsync/01-WorkspaceSync/modelica-shared/CustomLib/WalkingInWorldOfThermoFluid/.git/objects/c0/961d1683c294ab32d006299bb5f1e6c2844526' (895)
2025-11-20 06:05:04: Copy New 'C:/Users/grabacr/VPSsync/01-WorkspaceSync/modelica-shared/CustomLib/WalkingInWorldOfThermoFluid/.git/objects/c1/34298910b61779d2b0865cafd8731f2edaddd0' -> 'sftp://os3-310-44666.vs.sakura.ne.jp/home/ubuntu/VPSsync/01-WorkspaceSync/modelica-shared/CustomLib/WalkingInWorldOfThermoFluid/.git/objects/c1/34298910b61779d2b0865cafd8731f2edaddd0' (818)
2025-11-20 06:05:04: Copy New 'C:/Users/grabacr/VPSsync/01-WorkspaceSync/modelica-shared/CustomLib/WalkingInWorldOfThermoFluid/.git/objects/cd/f01b141babdfa78c1262cff03d9b652fa84c6b' -> 'sftp://os3-310-44666.vs.sakura.ne.jp/home/ubuntu/VPSsync/01-WorkspaceSync/modelica-shared/CustomLib/WalkingInWorldOfThermoFluid/.git/objects/cd/f01b141babdfa78c1262cff03d9b652fa84c6b' (179)
2025-11-20 06:05:04: Copy New 'C:/Users/grabacr/VPSsync/01-WorkspaceSync/modelica-shared/CustomLib/WalkingInWorldOfThermoFluid/.git/objects/c8/411fe6b800f618bc67054d38dcd368ab382a25' -> 'sftp://os3-310-44666.vs.sakura.ne.jp/home/ubuntu/VPSsync/01-WorkspaceSync/modelica-shared/CustomLib/WalkingInWorldOfThermoFluid/.git/objects/c8/411fe6b800f618bc67054d38dcd368ab382a25' (849)
2025-11-20 06:05:04: Copy New 'C:/Users/grabacr/VPSsync/01-WorkspaceSync/modelica-shared/CustomLib/WalkingInWorldOfThermoFluid/.git/objects/d4/490eae98121e9d9d598b93c0e4f378b02a3a11' -> 'sftp://os3-310-44666.vs.sakura.ne.jp/home/ubuntu/VPSsync/01-WorkspaceSync/modelica-shared/CustomLib/WalkingInWorldOfThermoFluid/.git/objects/d4/490eae98121e9d9d598b93c0e4f378b02a3a11' (855)
2025-11-20 06:05:04: Copy New 'C:/Users/grabacr/VPSsync/01-WorkspaceSync/modelica-shared/CustomLib/WalkingInWorldOfThermoFluid/.git/objects/d6/d9f627cd74add276e0576e88ad85773fd56f63' -> 'sftp://os3-310-44666.vs.sakura.ne.jp/home/ubuntu/VPSsync/01-WorkspaceSync/modelica-shared/CustomLib/WalkingInWorldOfThermoFluid/.git/objects/d6/d9f627cd74add276e0576e88ad85773fd56f63' (721)
2025-11-20 06:05:04: Copy New 'C:/Users/grabacr/VPSsync/01-WorkspaceSync/modelica-shared/CustomLib/WalkingInWorldOfThermoFluid/.git/objects/dd/97910e4be378e5b25ca6ebe1dddbc4ed2557fc' -> 'sftp://os3-310-44666.vs.sakura.ne.jp/home/ubuntu/VPSsync/01-WorkspaceSync/modelica-shared/CustomLib/WalkingInWorldOfThermoFluid/.git/objects/dd/97910e4be378e5b25ca6ebe1dddbc4ed2557fc' (831)
2025-11-20 06:05:04: Copy New 'C:/Users/grabacr/VPSsync/01-WorkspaceSync/modelica-shared/CustomLib/WalkingInWorldOfThermoFluid/.git/objects/f1/8541a416a5e1d8cba3d15fb58e2b2729672f9c' -> 'sftp://os3-310-44666.vs.sakura.ne.jp/home/ubuntu/VPSsync/01-WorkspaceSync/modelica-shared/CustomLib/WalkingInWorldOfThermoFluid/.git/objects/f1/8541a416a5e1d8cba3d15fb58e2b2729672f9c' (720)
2025-11-20 06:05:04: Copy New 'C:/Users/grabacr/VPSsync/01-WorkspaceSync/modelica-shared/CustomLib/WalkingInWorldOfThermoFluid/.git/objects/f8/0a69197abc2bc4da9c75224a27c6abec6df738' -> 'sftp://os3-310-44666.vs.sakura.ne.jp/home/ubuntu/VPSsync/01-WorkspaceSync/modelica-shared/CustomLib/WalkingInWorldOfThermoFluid/.git/objects/f8/0a69197abc2bc4da9c75224a27c6abec6df738' (790)
2025-11-20 06:05:04: Copy New 'C:/Users/grabacr/VPSsync/01-WorkspaceSync/modelica-shared/CustomLib/WalkingInWorldOfThermoFluid/.git/objects/f4/6e4f4db149765a71a065408441fb233f720389' -> 'sftp://os3-310-44666.vs.sakura.ne.jp/home/ubuntu/VPSsync/01-WorkspaceSync/modelica-shared/CustomLib/WalkingInWorldOfThermoFluid/.git/objects/f4/6e4f4db149765a71a065408441fb233f720389' (3,915)
2025-11-20 06:05:04: Copy New 'C:/Users/grabacr/VPSsync/01-WorkspaceSync/modelica-shared/CustomLib/WalkingInWorldOfThermoFluid/.git/objects/fa/62fff3b68b5f1454a67fe14cb67779e6c1065b' -> 'sftp://os3-310-44666.vs.sakura.ne.jp/home/ubuntu/VPSsync/01-WorkspaceSync/modelica-shared/CustomLib/WalkingInWorldOfThermoFluid/.git/objects/fa/62fff3b68b5f1454a67fe14cb67779e6c1065b' (110)
2025-11-20 06:05:04: Save State File C:/Users/grabacr/VPSsync/01-WorkspaceSync/modelica-shared/CustomLib/WalkingInWorldOfThermoFluid/_gsdata_/_file_state_v4._gs
2025-11-20 06:05:05: Save State File sftp://os3-310-44666.vs.sakura.ne.jp/home/ubuntu/VPSsync/01-WorkspaceSync/modelica-shared/CustomLib/WalkingInWorldOfThermoFluid/_gsdata_/_file_state_v4._gs
2025-11-20 06:05:09: == Sync Complete. Time: 00:00:08, Speed: 91.22 KB/s, OK: 26, Errors: 0
